<?xml version="1.0" encoding="UTF-8"?>
<!-- Generated by org.testng.reporters.JUnitXMLReporter -->
<testsuite ignored="2" hostname="SanManu" failures="0" tests="3" name="Test" time="15.854" errors="0" timestamp="2022-04-27T01:19:23 CDT">
  <testcase classname="PepperfryTests.HomePageTest" name="test1" time="3.122"/>
  <testcase classname="PepperfryTests.HomePageTest" name="test2" time="8.353"/>
  <testcase classname="PepperfryTests.ResultsPageTest" name="test1" time="4.339"/>
  <testcase classname="PepperfryPages.TestBase" name="@BeforeSuite initializedriver" time="0.0">
    <ignored/>
  </testcase> <!-- @BeforeSuite initializedriver -->
  <testcase classname="PepperfryPages.TestBase" name="@AfterSuite clean" time="0.0">
    <ignored/>
  </testcase> <!-- @AfterSuite clean -->
</testsuite> <!-- Test -->
