<?xml version="1.0" encoding="UTF-8"?>
<testsuite xmlns:xsi="http://www.w3.org/2001/XMLSchema-instance" xsi:noNamespaceSchemaLocation="https://maven.apache.org/surefire/maven-surefire-plugin/xsd/surefire-test-report-3.0.xsd" version="3.0" name="TestSuite" time="24.917" tests="3" errors="0" skipped="0" failures="1">
  <properties>
[...]
</properties>
  <testcase name="test1" classname="PepperfryTests.HomePageTest" time="2.949">
    <failure message="unknown error: cannot determine loading status&#10;from unknown error: cannot determine loading status&#10;from target frame detached&#10;  (Session info: chrome=100.0.4896.127)&#10;Build info: version: &apos;4.1.2&apos;, revision: &apos;9a5a329c5a&apos;&#10;System info: host: &apos;SANMANU&apos;, ip: &apos;192.168.1.11&apos;, os.name: &apos;Windows 11&apos;, os.arch: &apos;x86&apos;, os.version: &apos;10.0&apos;, java.version: &apos;1.8.0_321&apos;&#10;Driver info: org.openqa.selenium.chrome.ChromeDriver&#10;Command: [067fb0df5f021f17fb59c8f7a2da734f, get {url=https://www.pepperfry.com/}]&#10;Capabilities {acceptInsecureCerts: false, browserName: chrome, browserVersion: 100.0.4896.127, chrome: {chromedriverVersion: 100.0.4896.60 (6a5d10861ce8..., userDataDir: C:\Users\saita\AppData\Loca...}, goog:chromeOptions: {debuggerAddress: localhost:63940}, javascriptEnabled: true, networkConnectionEnabled: false, pageLoadStrategy: normal, platform: WINDOWS, platformName: WINDOWS, proxy: Proxy(), se:cdp: ws://localhost:63940/devtoo..., se:cdpVersion: 100.0.4896.127, setWindowRect: true, strictFileInteractability: false, timeouts: {implicit: 0, pageLoad: 300000, script: 30000}, unhandledPromptBehavior: dismiss and notify, webauthn:extension:credBlob: true, webauthn:extension:largeBlob: true, webauthn:virtualAuthenticators: true}&#10;Session ID: 067fb0df5f021f17fb59c8f7a2da734f" type="org.openqa.selenium.WebDriverException"><![CDATA[org.openqa.selenium.WebDriverException: 
unknown error: cannot determine loading status
from unknown error: cannot determine loading status
from target frame detached
  (Session info: chrome=100.0.4896.127)
Build info: version: '4.1.2', revision: '9a5a329c5a'
System info: host: 'SANMANU', ip: '192.168.1.11', os.name: 'Windows 11', os.arch: 'x86', os.version: '10.0', java.version: '1.8.0_321'
Driver info: org.openqa.selenium.chrome.ChromeDriver
Command: [067fb0df5f021f17fb59c8f7a2da734f, get {url=https://www.pepperfry.com/}]
Capabilities {acceptInsecureCerts: false, browserName: chrome, browserVersion: 100.0.4896.127, chrome: {chromedriverVersion: 100.0.4896.60 (6a5d10861ce8..., userDataDir: C:\Users\saita\AppData\Loca...}, goog:chromeOptions: {debuggerAddress: localhost:63940}, javascriptEnabled: true, networkConnectionEnabled: false, pageLoadStrategy: normal, platform: WINDOWS, platformName: WINDOWS, proxy: Proxy(), se:cdp: ws://localhost:63940/devtoo..., se:cdpVersion: 100.0.4896.127, setWindowRect: true, strictFileInteractability: false, timeouts: {implicit: 0, pageLoad: 300000, script: 30000}, unhandledPromptBehavior: dismiss and notify, webauthn:extension:credBlob: true, webauthn:extension:largeBlob: true, webauthn:virtualAuthenticators: true}
Session ID: 067fb0df5f021f17fb59c8f7a2da734f
	at PepperfryTests.HomePageTest.test1(HomePageTest.java:23)
]]></failure>
    <system-out><![CDATA[23:18:05.914 [main] DEBUG org.testng.TestNG - suiteXmlPath: "C:\Users\saita\Desktop\Manju Workspace\MAVEN1\testng.xml"
23:18:06.313 [main] DEBUG org.testng.internal.Graph - [Graph] ADDING NODE TestBase.initializedriver()[pri:0, instance:null] -1616364097
23:18:06.313 [main] DEBUG org.testng.internal.Graph - [Graph] ================ SORTING
23:18:06.320 [main] DEBUG org.testng.internal.Graph - [Graph] =============== DONE SORTING
23:18:06.320 [main] DEBUG org.testng.internal.Graph - [Graph] ====== SORTED NODES
23:18:06.320 [main] DEBUG org.testng.internal.Graph - [Graph] ====== END SORTED NODES
23:18:06.321 [main] DEBUG org.testng.internal.Graph - [Graph] ADDING NODE TestBase.clean()[pri:0, instance:null] -1052181392
23:18:06.321 [main] DEBUG org.testng.internal.Graph - [Graph] ================ SORTING
23:18:06.321 [main] DEBUG org.testng.internal.Graph - [Graph] =============== DONE SORTING
23:18:06.321 [main] DEBUG org.testng.internal.Graph - [Graph] ====== SORTED NODES
23:18:06.321 [main] DEBUG org.testng.internal.Graph - [Graph] ====== END SORTED NODES
23:18:06.325 [main] DEBUG org.testng.internal.Graph - [Graph] ADDING NODE TestBase.initializedriver()[pri:0, instance:null] -1616364097
23:18:06.325 [main] DEBUG org.testng.internal.Graph - [Graph] ================ SORTING
23:18:06.325 [main] DEBUG org.testng.internal.Graph - [Graph] =============== DONE SORTING
23:18:06.325 [main] DEBUG org.testng.internal.Graph - [Graph] ====== SORTED NODES
23:18:06.325 [main] DEBUG org.testng.internal.Graph - [Graph] ====== END SORTED NODES
23:18:06.326 [main] DEBUG org.testng.internal.Graph - [Graph] ADDING NODE TestBase.clean()[pri:0, instance:null] -1052181392
23:18:06.326 [main] DEBUG org.testng.internal.Graph - [Graph] ================ SORTING
23:18:06.326 [main] DEBUG org.testng.internal.Graph - [Graph] =============== DONE SORTING
23:18:06.326 [main] DEBUG org.testng.internal.Graph - [Graph] ====== SORTED NODES
23:18:06.326 [main] DEBUG org.testng.internal.Graph - [Graph] ====== END SORTED NODES
23:18:06.330 [main] DEBUG org.testng.internal.Graph - [Graph] ADDING NODE TestBase.initializedriver()[pri:0, instance:PepperfryTests.HomePageTest@42d7b5] 1436701142
23:18:06.330 [main] DEBUG org.testng.internal.Graph - [Graph] ================ SORTING
23:18:06.330 [main] DEBUG org.testng.internal.Graph - [Graph] =============== DONE SORTING
23:18:06.330 [main] DEBUG org.testng.internal.Graph - [Graph] ====== SORTED NODES
23:18:06.330 [main] DEBUG org.testng.internal.Graph - [Graph] ====== END SORTED NODES
23:18:06.332 [main] DEBUG org.testng.internal.Graph - [Graph] ADDING NODE HomePageTest.test2()[pri:0, instance:PepperfryTests.HomePageTest@42d7b5] 1175891966
23:18:06.332 [main] DEBUG org.testng.internal.Graph - [Graph] ADDING NODE HomePageTest.test1()[pri:0, instance:PepperfryTests.HomePageTest@42d7b5] 1175890447
23:18:06.332 [main] DEBUG org.testng.internal.Graph - [Graph] ADDING NODE ResultsPageTest.test1()[pri:0, instance:PepperfryTests.ResultsPageTest@dd8682] 1678460195
23:18:06.332 [main] DEBUG org.testng.internal.Graph - [Graph] ================ SORTING
23:18:06.333 [main] DEBUG org.testng.internal.Graph - [Graph] =============== DONE SORTING
23:18:06.333 [main] DEBUG org.testng.internal.Graph - [Graph] ====== SORTED NODES
23:18:06.333 [main] DEBUG org.testng.internal.Graph - [Graph] ====== END SORTED NODES
23:18:06.335 [main] DEBUG org.testng.internal.Graph - [Graph] ADDING NODE TestBase.clean()[pri:0, instance:PepperfryTests.HomePageTest@42d7b5] 1746495813
23:18:06.335 [main] DEBUG org.testng.internal.Graph - [Graph] ================ SORTING
23:18:06.335 [main] DEBUG org.testng.internal.Graph - [Graph] =============== DONE SORTING
23:18:06.335 [main] DEBUG org.testng.internal.Graph - [Graph] ====== SORTED NODES
23:18:06.335 [main] DEBUG org.testng.internal.Graph - [Graph] ====== END SORTED NODES
23:18:06.913 [main] DEBUG io.github.bonigarcia.wdm.cache.ResolutionCache - Removing resolution chrome=100 from cache (expired on Wed Apr 27 02:19:06 CDT 2022)
23:18:06.928 [main] DEBUG org.apache.hc.client5.http.impl.classic.InternalHttpClient - ex-00000001: preparing request execution
23:18:06.936 [main] DEBUG org.apache.hc.client5.http.protocol.RequestAddCookies - Cookie spec selected: strict
23:18:06.939 [main] DEBUG org.apache.hc.client5.http.protocol.RequestAuthCache - Auth cache not set in the context
23:18:06.939 [main] DEBUG org.apache.hc.client5.http.impl.classic.ProtocolExec - ex-00000001: target auth state: UNCHALLENGED
23:18:06.940 [main] DEBUG org.apache.hc.client5.http.impl.classic.ProtocolExec - ex-00000001: proxy auth state: UNCHALLENGED
23:18:06.940 [main] DEBUG org.apache.hc.client5.http.impl.classic.ConnectExec - ex-00000001: acquiring connection with route {s}->https://raw.githubusercontent.com:443
23:18:06.940 [main] DEBUG org.apache.hc.client5.http.impl.classic.InternalHttpClient - ex-00000001: acquiring endpoint (3 MINUTES)
23:18:06.942 [main] DEBUG org.apache.hc.client5.http.impl.io.PoolingHttpClientConnectionManager - ex-00000001: endpoint lease request (3 MINUTES) [route: {s}->https://raw.githubusercontent.com:443][total available: 0; route allocated: 0 of 5; total allocated: 0 of 25]
23:18:06.946 [main] DEBUG org.apache.hc.client5.http.impl.io.PoolingHttpClientConnectionManager - ex-00000001: endpoint leased [route: {s}->https://raw.githubusercontent.com:443][total available: 0; route allocated: 1 of 5; total allocated: 1 of 25]
23:18:06.963 [main] DEBUG org.apache.hc.client5.http.impl.io.PoolingHttpClientConnectionManager - ex-00000001: acquired ep-00000000
23:18:06.963 [main] DEBUG org.apache.hc.client5.http.impl.classic.InternalHttpClient - ex-00000001: acquired endpoint ep-00000000
23:18:06.963 [main] DEBUG org.apache.hc.client5.http.impl.classic.ConnectExec - ex-00000001: opening connection {s}->https://raw.githubusercontent.com:443
23:18:06.964 [main] DEBUG org.apache.hc.client5.http.impl.classic.InternalHttpClient - ep-00000000: connecting endpoint (30 SECONDS)
23:18:06.964 [main] DEBUG org.apache.hc.client5.http.impl.io.PoolingHttpClientConnectionManager - ep-00000000: connecting endpoint to https://raw.githubusercontent.com:443 (30 SECONDS)
23:18:06.996 [main] DEBUG org.apache.hc.client5.http.impl.io.DefaultHttpClientConnectionOperator - http-outgoing-0: connecting to raw.githubusercontent.com/185.199.110.133:443
23:18:06.996 [main] DEBUG org.apache.hc.client5.http.ssl.SSLConnectionSocketFactory - Connecting socket to raw.githubusercontent.com/185.199.110.133:443 with timeout 30 SECONDS
23:18:07.181 [main] DEBUG org.apache.hc.client5.http.ssl.SSLConnectionSocketFactory - Enabled protocols: [TLSv1.2]
23:18:07.181 [main] DEBUG org.apache.hc.client5.http.ssl.SSLConnectionSocketFactory - Enabled cipher suites: [TLS_ECDHE_ECDSA_WITH_AES_256_GCM_SHA384, TLS_ECDHE_ECDSA_WITH_AES_128_GCM_SHA256, TLS_ECDHE_RSA_WITH_AES_256_GCM_SHA384, TLS_ECDHE_RSA_WITH_AES_128_GCM_SHA256, TLS_DHE_RSA_WITH_AES_256_GCM_SHA384, TLS_DHE_DSS_WITH_AES_256_GCM_SHA384, TLS_DHE_RSA_WITH_AES_128_GCM_SHA256, TLS_DHE_DSS_WITH_AES_128_GCM_SHA256, TLS_ECDHE_ECDSA_WITH_AES_256_CBC_SHA384, TLS_ECDHE_RSA_WITH_AES_256_CBC_SHA384, TLS_ECDHE_ECDSA_WITH_AES_128_CBC_SHA256, TLS_ECDHE_RSA_WITH_AES_128_CBC_SHA256, TLS_DHE_RSA_WITH_AES_256_CBC_SHA256, TLS_DHE_DSS_WITH_AES_256_CBC_SHA256, TLS_DHE_RSA_WITH_AES_128_CBC_SHA256, TLS_DHE_DSS_WITH_AES_128_CBC_SHA256, TLS_ECDH_ECDSA_WITH_AES_256_GCM_SHA384, TLS_ECDH_RSA_WITH_AES_256_GCM_SHA384, TLS_ECDH_ECDSA_WITH_AES_128_GCM_SHA256, TLS_ECDH_RSA_WITH_AES_128_GCM_SHA256, TLS_ECDH_ECDSA_WITH_AES_256_CBC_SHA384, TLS_ECDH_RSA_WITH_AES_256_CBC_SHA384, TLS_ECDH_ECDSA_WITH_AES_128_CBC_SHA256, TLS_ECDH_RSA_WITH_AES_128_CBC_SHA256, TLS_ECDHE_ECDSA_WITH_AES_256_CBC_SHA, TLS_ECDHE_RSA_WITH_AES_256_CBC_SHA, TLS_ECDHE_ECDSA_WITH_AES_128_CBC_SHA, TLS_ECDHE_RSA_WITH_AES_128_CBC_SHA, TLS_DHE_RSA_WITH_AES_256_CBC_SHA, TLS_DHE_DSS_WITH_AES_256_CBC_SHA, TLS_DHE_RSA_WITH_AES_128_CBC_SHA, TLS_DHE_DSS_WITH_AES_128_CBC_SHA, TLS_ECDH_ECDSA_WITH_AES_256_CBC_SHA, TLS_ECDH_RSA_WITH_AES_256_CBC_SHA, TLS_ECDH_ECDSA_WITH_AES_128_CBC_SHA, TLS_ECDH_RSA_WITH_AES_128_CBC_SHA, TLS_RSA_WITH_AES_256_GCM_SHA384, TLS_RSA_WITH_AES_128_GCM_SHA256, TLS_RSA_WITH_AES_256_CBC_SHA256, TLS_RSA_WITH_AES_128_CBC_SHA256, TLS_RSA_WITH_AES_256_CBC_SHA, TLS_RSA_WITH_AES_128_CBC_SHA, TLS_EMPTY_RENEGOTIATION_INFO_SCSV]
23:18:07.181 [main] DEBUG org.apache.hc.client5.http.ssl.SSLConnectionSocketFactory - Starting handshake
23:18:07.393 [main] DEBUG org.apache.hc.client5.http.ssl.SSLConnectionSocketFactory - Secure session established
23:18:07.393 [main] DEBUG org.apache.hc.client5.http.ssl.SSLConnectionSocketFactory -  negotiated protocol: TLSv1.2
23:18:07.393 [main] DEBUG org.apache.hc.client5.http.ssl.SSLConnectionSocketFactory -  negotiated cipher suite: TLS_ECDHE_RSA_WITH_AES_128_GCM_SHA256
23:18:07.394 [main] DEBUG org.apache.hc.client5.http.ssl.SSLConnectionSocketFactory -  peer principal: CN=*.github.io, O="GitHub, Inc.", L=San Francisco, ST=California, C=US
23:18:07.394 [main] DEBUG org.apache.hc.client5.http.ssl.SSLConnectionSocketFactory -  peer alternative names: [*.github.io, github.com, *.github.com, www.github.com, github.io, githubusercontent.com, *.githubusercontent.com]
23:18:07.394 [main] DEBUG org.apache.hc.client5.http.ssl.SSLConnectionSocketFactory -  issuer principal: CN=DigiCert TLS RSA SHA256 2020 CA1, O=DigiCert Inc, C=US
23:18:07.396 [main] DEBUG org.apache.hc.client5.http.impl.io.DefaultHttpClientConnectionOperator - http-outgoing-0: connection established 192.168.1.11:63903<->185.199.110.133:443
23:18:07.398 [main] DEBUG org.apache.hc.client5.http.impl.io.PoolingHttpClientConnectionManager - ep-00000000: connected http-outgoing-0
23:18:07.398 [main] DEBUG org.apache.hc.client5.http.impl.classic.InternalHttpClient - ep-00000000: endpoint connected
23:18:07.398 [main] DEBUG org.apache.hc.client5.http.impl.classic.MainClientExec - ex-00000001: executing GET /bonigarcia/webdrivermanager/master/src/main/resources/commands.properties HTTP/1.1
23:18:07.399 [main] DEBUG org.apache.hc.client5.http.impl.classic.InternalHttpClient - ep-00000000: start execution ex-00000001
23:18:07.399 [main] DEBUG org.apache.hc.client5.http.impl.io.PoolingHttpClientConnectionManager - ep-00000000: executing exchange ex-00000001 over http-outgoing-0
23:18:07.401 [main] DEBUG org.apache.hc.client5.http.headers - http-outgoing-0 >> GET /bonigarcia/webdrivermanager/master/src/main/resources/commands.properties HTTP/1.1
23:18:07.401 [main] DEBUG org.apache.hc.client5.http.headers - http-outgoing-0 >> user-agent: Apache-HttpClient/5.0
23:18:07.401 [main] DEBUG org.apache.hc.client5.http.headers - http-outgoing-0 >> accept-encoding: gzip, deflate, br
23:18:07.401 [main] DEBUG org.apache.hc.client5.http.headers - http-outgoing-0 >> cache-control: max-age=0
23:18:07.401 [main] DEBUG org.apache.hc.client5.http.headers - http-outgoing-0 >> connection: keep-alive
23:18:07.401 [main] DEBUG org.apache.hc.client5.http.headers - http-outgoing-0 >> Host: raw.githubusercontent.com
23:18:07.401 [main] DEBUG org.apache.hc.client5.http.wire - http-outgoing-0 >> "GET /bonigarcia/webdrivermanager/master/src/main/resources/commands.properties HTTP/1.1[\r][\n]"
23:18:07.401 [main] DEBUG org.apache.hc.client5.http.wire - http-outgoing-0 >> "user-agent: Apache-HttpClient/5.0[\r][\n]"
23:18:07.401 [main] DEBUG org.apache.hc.client5.http.wire - http-outgoing-0 >> "accept-encoding: gzip, deflate, br[\r][\n]"
23:18:07.401 [main] DEBUG org.apache.hc.client5.http.wire - http-outgoing-0 >> "cache-control: max-age=0[\r][\n]"
23:18:07.401 [main] DEBUG org.apache.hc.client5.http.wire - http-outgoing-0 >> "connection: keep-alive[\r][\n]"
23:18:07.401 [main] DEBUG org.apache.hc.client5.http.wire - http-outgoing-0 >> "Host: raw.githubusercontent.com[\r][\n]"
23:18:07.401 [main] DEBUG org.apache.hc.client5.http.wire - http-outgoing-0 >> "[\r][\n]"
23:18:07.426 [main] DEBUG org.apache.hc.client5.http.wire - http-outgoing-0 << "HTTP/1.1 200 OK[\r][\n]"
23:18:07.426 [main] DEBUG org.apache.hc.client5.http.wire - http-outgoing-0 << "Connection: keep-alive[\r][\n]"
23:18:07.426 [main] DEBUG org.apache.hc.client5.http.wire - http-outgoing-0 << "Content-Length: 723[\r][\n]"
23:18:07.426 [main] DEBUG org.apache.hc.client5.http.wire - http-outgoing-0 << "Cache-Control: max-age=300[\r][\n]"
23:18:07.427 [main] DEBUG org.apache.hc.client5.http.wire - http-outgoing-0 << "Content-Security-Policy: default-src 'none'; style-src 'unsafe-inline'; sandbox[\r][\n]"
23:18:07.427 [main] DEBUG org.apache.hc.client5.http.wire - http-outgoing-0 << "Content-Type: text/plain; charset=utf-8[\r][\n]"
23:18:07.427 [main] DEBUG org.apache.hc.client5.http.wire - http-outgoing-0 << "ETag: W/"e82b438271e9e8680c688b0b680efd0bdd22faa6d6f0a32fc1fd8accc486b67e"[\r][\n]"
23:18:07.427 [main] DEBUG org.apache.hc.client5.http.wire - http-outgoing-0 << "Strict-Transport-Security: max-age=31536000[\r][\n]"
23:18:07.427 [main] DEBUG org.apache.hc.client5.http.wire - http-outgoing-0 << "X-Content-Type-Options: nosniff[\r][\n]"
23:18:07.427 [main] DEBUG org.apache.hc.client5.http.wire - http-outgoing-0 << "X-Frame-Options: deny[\r][\n]"
23:18:07.427 [main] DEBUG org.apache.hc.client5.http.wire - http-outgoing-0 << "X-XSS-Protection: 1; mode=block[\r][\n]"
23:18:07.427 [main] DEBUG org.apache.hc.client5.http.wire - http-outgoing-0 << "X-GitHub-Request-Id: 1A6C:7445:C7C639:108317F:62540E19[\r][\n]"
23:18:07.427 [main] DEBUG org.apache.hc.client5.http.wire - http-outgoing-0 << "Content-Encoding: gzip[\r][\n]"
23:18:07.427 [main] DEBUG org.apache.hc.client5.http.wire - http-outgoing-0 << "Accept-Ranges: bytes[\r][\n]"
23:18:07.427 [main] DEBUG org.apache.hc.client5.http.wire - http-outgoing-0 << "Date: Thu, 28 Apr 2022 04:18:09 GMT[\r][\n]"
23:18:07.427 [main] DEBUG org.apache.hc.client5.http.wire - http-outgoing-0 << "Via: 1.1 varnish[\r][\n]"
23:18:07.427 [main] DEBUG org.apache.hc.client5.http.wire - http-outgoing-0 << "X-Served-By: cache-pwk4973-PWK[\r][\n]"
23:18:07.427 [main] DEBUG org.apache.hc.client5.http.wire - http-outgoing-0 << "X-Cache: HIT[\r][\n]"
23:18:07.427 [main] DEBUG org.apache.hc.client5.http.wire - http-outgoing-0 << "X-Cache-Hits: 1[\r][\n]"
23:18:07.427 [main] DEBUG org.apache.hc.client5.http.wire - http-outgoing-0 << "X-Timer: S1651119489.395487,VS0,VE1[\r][\n]"
23:18:07.427 [main] DEBUG org.apache.hc.client5.http.wire - http-outgoing-0 << "Vary: Authorization,Accept-Encoding,Origin[\r][\n]"
23:18:07.427 [main] DEBUG org.apache.hc.client5.http.wire - http-outgoing-0 << "Access-Control-Allow-Origin: *[\r][\n]"
23:18:07.427 [main] DEBUG org.apache.hc.client5.http.wire - http-outgoing-0 << "X-Fastly-Request-ID: a0578f4fc2f0e2e80dc09eb1bc2a0e27638079f1[\r][\n]"
23:18:07.428 [main] DEBUG org.apache.hc.client5.http.wire - http-outgoing-0 << "Expires: Thu, 28 Apr 2022 04:23:09 GMT[\r][\n]"
23:18:07.428 [main] DEBUG org.apache.hc.client5.http.wire - http-outgoing-0 << "Source-Age: 263[\r][\n]"
23:18:07.428 [main] DEBUG org.apache.hc.client5.http.wire - http-outgoing-0 << "[\r][\n]"
23:18:07.432 [main] DEBUG org.apache.hc.client5.http.headers - http-outgoing-0 << HTTP/1.1 200 OK
23:18:07.432 [main] DEBUG org.apache.hc.client5.http.headers - http-outgoing-0 << Connection: keep-alive
23:18:07.432 [main] DEBUG org.apache.hc.client5.http.headers - http-outgoing-0 << Content-Length: 723
23:18:07.432 [main] DEBUG org.apache.hc.client5.http.headers - http-outgoing-0 << Cache-Control: max-age=300
23:18:07.432 [main] DEBUG org.apache.hc.client5.http.headers - http-outgoing-0 << Content-Security-Policy: default-src 'none'; style-src 'unsafe-inline'; sandbox
23:18:07.432 [main] DEBUG org.apache.hc.client5.http.headers - http-outgoing-0 << Content-Type: text/plain; charset=utf-8
23:18:07.432 [main] DEBUG org.apache.hc.client5.http.headers - http-outgoing-0 << ETag: W/"e82b438271e9e8680c688b0b680efd0bdd22faa6d6f0a32fc1fd8accc486b67e"
23:18:07.432 [main] DEBUG org.apache.hc.client5.http.headers - http-outgoing-0 << Strict-Transport-Security: max-age=31536000
23:18:07.432 [main] DEBUG org.apache.hc.client5.http.headers - http-outgoing-0 << X-Content-Type-Options: nosniff
23:18:07.432 [main] DEBUG org.apache.hc.client5.http.headers - http-outgoing-0 << X-Frame-Options: deny
23:18:07.432 [main] DEBUG org.apache.hc.client5.http.headers - http-outgoing-0 << X-XSS-Protection: 1; mode=block
23:18:07.432 [main] DEBUG org.apache.hc.client5.http.headers - http-outgoing-0 << X-GitHub-Request-Id: 1A6C:7445:C7C639:108317F:62540E19
23:18:07.432 [main] DEBUG org.apache.hc.client5.http.headers - http-outgoing-0 << Content-Encoding: gzip
23:18:07.432 [main] DEBUG org.apache.hc.client5.http.headers - http-outgoing-0 << Accept-Ranges: bytes
23:18:07.432 [main] DEBUG org.apache.hc.client5.http.headers - http-outgoing-0 << Date: Thu, 28 Apr 2022 04:18:09 GMT
23:18:07.432 [main] DEBUG org.apache.hc.client5.http.headers - http-outgoing-0 << Via: 1.1 varnish
23:18:07.433 [main] DEBUG org.apache.hc.client5.http.headers - http-outgoing-0 << X-Served-By: cache-pwk4973-PWK
23:18:07.433 [main] DEBUG org.apache.hc.client5.http.headers - http-outgoing-0 << X-Cache: HIT
23:18:07.433 [main] DEBUG org.apache.hc.client5.http.headers - http-outgoing-0 << X-Cache-Hits: 1
23:18:07.433 [main] DEBUG org.apache.hc.client5.http.headers - http-outgoing-0 << X-Timer: S1651119489.395487,VS0,VE1
23:18:07.433 [main] DEBUG org.apache.hc.client5.http.headers - http-outgoing-0 << Vary: Authorization,Accept-Encoding,Origin
23:18:07.433 [main] DEBUG org.apache.hc.client5.http.headers - http-outgoing-0 << Access-Control-Allow-Origin: *
23:18:07.433 [main] DEBUG org.apache.hc.client5.http.headers - http-outgoing-0 << X-Fastly-Request-ID: a0578f4fc2f0e2e80dc09eb1bc2a0e27638079f1
23:18:07.433 [main] DEBUG org.apache.hc.client5.http.headers - http-outgoing-0 << Expires: Thu, 28 Apr 2022 04:23:09 GMT
23:18:07.433 [main] DEBUG org.apache.hc.client5.http.headers - http-outgoing-0 << Source-Age: 263
23:18:07.439 [main] DEBUG org.apache.hc.client5.http.impl.classic.MainClientExec - ex-00000001: connection can be kept alive for 3 MINUTES
23:18:07.460 [main] DEBUG org.apache.hc.client5.http.wire - http-outgoing-0 << "[0x1f][0xffffff8b][0x8][0x0][0x0][0x0][0x0][0x0][0x0][0x3][0xffffffb5]V]o[0xffffffda]0[0x14]}[0xffffffe7]W\[0xffffff81]*[0xffffffb5][0x12][0x1f][[M[0xffffffd3]$[0x1e]hF[0xffffffbb]i [0x18][0xffffffb4][0xffffffdd]&[0xfffffff9][0xffffffc5]$7[0xffffffc1]R[0x12]#;[0xffffff94]v[0xffffffbf]~[0xffffffb6][0xfffffff3]1[0xffffff92][0xffffff9a][0xffffffc1][0x1a]x[0xffffffcb][0xffffffb5][0xffffffaf][0xffffffcf]9[0xffffffbe][0xfffffff7]8v[0xb][0x1c][0x1e]E4[0xfffffff6]$x4[0xffffffa1][0xb]*[0xffffffb1][0xffffffd1][0xffffff82][0xfffffffb]%[0xffffff93][0xffffffe0][0xffffffb3][0x10][0xffffffc1][0xffffffe5]qBY,!Y[0xffffffea] KM8,[0x10][0xfffffff0][0x19][0xffffffdd]u[0xffffff82][0x1e][0xffffffb0][0xffffffd8]L[0xffffffcb]%[0xffffff86][0xffffffa1][0xe][0xffffffb8][0xfffffff0]P[0xffffffe8]$[0xf][0x13]t[0x13]3[0xfffffff9][0xffffff84]B2[0xffffffae][0xffffffe6]|@[0xfffffff5][0x1d][0x8][0xffffffc4][0x18][0x16][0xffffff82]o[0xffffffa4][0xffffff9a]P[0xffffff94][0xffffffe7][0xffffffce]R[0xfffffff0][0x8][0xffffffdb]p[0xffffffcb][0x4][0xfffffffa][0xfffffffc][0xffffffb9][\r][0xffffff93][0x15][\n]"
23:18:07.461 [main] DEBUG org.apache.hc.client5.http.wire - http-outgoing-0 << "[0xffffffda][0xffffff86][0xffffffa1][0x17][0xffffffa8]Q3[0xffffffcb][0xffffffd6][0xffffffd1][0xffffff85][0xffffffc6][0xfffffff7][0xffffff98][0xffffffef][0xffffffa3][0xffffffc0]8[0x1][0xffffffae]s[0x12][0x16][0x7] _d[0xffffff82][0xffffff91][0xffffff84][0xfffffff3][0x1f],[0xfffffff6][0x14]j[0x1b]F,^+[0xffffff98]1ua2[0xffffffbf]h([0xffffff8e][0xffffff94][0xffffffa2][0xffffff91]m[0xffffffa3][0xffffffeb][0xffffff9a][0xffffffb0][0xffffffbb]I[0x17]t[0xffffffdf][0xffffffbd][0xffffffef][0xffffffbb][0xffffff91][0xffffffd7]U[0xffffffbb][0xffffff82][0xffffff9e][0x3][0xffffff9b][0xffffff88][0xffffffb9][0xffffffa6]$[0xffffffa6][0xc][0xffffff9b][0xffffffa5][0xffffffe2][0xffffff83][0xffffff98]F[0xffffffd8]o[0xffffff9e]Mg[0xffffff93][0xffffffbb][0xffffffd9]`|[0xfffffffb]u4[0xffffff9c][0x7f]"}B[0xffffffce][0x8][0xffffffb9][0xffffffe3]<[0x8][0xffffff91][0xffffff90][0xffffff94][0xffffff82][0xffffff90][0xffffffc1]j[0x15]2WI[0xffffffe3]1![0x19][0xffffff91]BnB[0xffffff80][0x9]<f[0xffffffb5][0xffffffe8]=[0xffffffd1]p[0xffffffbd][[0xffffffcf][0xffffffe5][0x1b][0xfffffff4][0xffffff9c][0xffffffff][0xfffffffc][0xfffffff8][0xffffffe1][0xffffffe2][0xffffff94][0xffffffa2][0xffffffae][0xe][0x14]5[0xffffff9a]8[0xffffff83][0xffffffd1]`:[0xfffffffd]<[0xffffffb8][0x1f][0xffffff9c]R[0xffffffcf]u[0x7f]6[0xffffffbc][0xffffff83][0xffffffef][0xf][0xffffffc3][0xffffffd9]/[0xfffffff8][0xfffffff2][0xffffffcd]y s[0xffffffee]'[0x1b]*0g[0xffffffcb][0xffffffc8]nF7H][0xffffff83][0xffffff97]{[0xffffffb1]Q[0x5][\r][0xffffffb5]c[0xffffffb4][0xf][0x2][0xffffffb3][0xffffffb4][0xffffff93][0xe]C[0xffffffa7][0xffffffb3]kAD][0xffffff9d][0xffffffde][0xffffffdb][0xffffffda][0xffffff88][0xffffffec][0xffffffa5][0xffffffbc][0xffffff99][0xffffffd9][0xffffffba]t[0xffffffb5][0xffffffea]9[0xffffffea][0x10])[0xffffffb7][0xffffffca][0xffffff9e][0xfffffff2][0xffffffe2]d^N[0xffffffd8]FW[0x16][0xffffffcd][0xffffffdc]_[0x10][0xfffffff9]i|[0x1c][0xffffff93][0xffffff8e][0xfffffff9]o[0x16][0xffffff86]4'!$G[0xffffffdf]W[0xfffffff4]W*j[[0xfffffff3]xR[0xffffffae][0xffffffb6][0xc][0xffffffd0],; #[0xffffffa9][0xffffff92]5[0xffffffb5][0x7][0xffffff9c][0xffffffb5][0xffffffd0][0x7f][0xffffff90][0xffffffc7]jgs[0xfffffffc][0xffffffc2][0xb][0xffffffd9][0x0]t[0xffffff9e]^'Y[0xfffffffb][0xffffff9f][0xffffffb1][0xffffffd8]:[0xffffffbf][0xffffff8d][0xffffffa5][0xffffff9a][0xffffffad][0x7f]m[0x5]&[0xffffffaa][0xffffffa0]^[0xffffff9b][0xffffffcb][0x5]f[0xffffffae][0xffffffe0]RU[0xffffff82][0x10]MS9l[0xffffff91]4t[0xfffffffb][0xffffff8a]][0xffffffd6][0xfffffff4][0xffffff96][0xffffffa6][0xffffff9f]P[0xffffffce][0xffffffd5][0xffffffce][0xffffff93][0xffffffff][0xffffff97][0xffffffcc]p[0xfffffffd][0xfffffff3][0xffffffe8][0x1b][0xffffffcc][0xffffffa2][0xffffffd9]Q[0xffffffbe][0xffffffb2][0xffffffa3][0xffffffc7]m'[0xffffffdf][0xffffffe4][[0xfffffffb]^[0xffffffb0][0xffffff9a][0xffffffbe][0xffffffda][0xffffffda]_[0xffffffce][0xffffff80][0xffffffd2][0xffffffc1]7[0xffffffb7]][0xffffffc1]b[0xffffffee][0xffffffb5][0xffffffff]w[0xffffff83][0xffffffed][0xffffffa7];[0x15]<[0x10]4[0xffffff92][0xffffff84][0x18][\n]"
23:18:07.461 [main] DEBUG org.apache.hc.client5.http.wire - http-outgoing-0 << "BB[0xffffffba][0xffffff8e]][0xffffffb5]jo[0xffffffb9]+"[0xffffffea][0xffffffb4][0xffffffff]h"[0xffffffea]\?5[0xffffffa9][0xffffffaf]k[0xffffffec][0xffffffff]P[0xffffffea][\n]"
23:18:07.461 [main] DEBUG org.apache.hc.client5.http.wire - http-outgoing-0 << "w[0xffffffe1]K[0x13][0xffffffda][0xffffffec][0xffffff98][0xffffffe6]Y[0xfffffffd]h8m6[0xffffff9c]T[0xffffffc1][0xfffffff2][0xffffffa7][0xffffff91]z_[0xffffff95]o85p[0x1c][0x13][0xffffffe6][0xfffffff0]5[0xffffffee][0xfffffffc][0xffffff92][0xffffff96][0xffffffda][0xfffffff7][0xffffffcf][0xffffffb1][0x5][0x1d][0xffffffea]K[0xffffff9b]9[0xffffff8e][0xffffffad]e[0xfffffff7][0xffffff93][0xffffffa8]`[0xffffffda][0xffffffff][0x1a][0xffffffd2][0xffffff88][0xffffff85][0xfffffffd][0xfffffff2][0xffffff91]N[0xfffffff6]`[0xffffffdf]2[0xffffffcf][0xffffffae]E[0xffffff97][0xffffffc5][0xffffffa2][0xffffff9d][0xffffffef]'[0xffffff9d]mun.[0xffffffd3]f^[0xffffffc7][0xffffff82][0xffffffda][0xffffff82]9[0xfffffff5][0xffffffa9]`[0x5][0xffffffbc]4[0xffffffa1][0x1d]<M[0xffffffb5]A[0xffffffa7]3[[0xffffffc0][0x7f][0x0][0xffffffc1][0xffffffd0]$[0xffffff85][0x1d][\r][0x0][0x0]"
23:18:07.462 [main] DEBUG org.apache.hc.client5.http.impl.classic.InternalHttpClient - ep-00000000: releasing valid endpoint
23:18:07.462 [main] DEBUG org.apache.hc.client5.http.impl.io.PoolingHttpClientConnectionManager - ep-00000000: releasing endpoint
23:18:07.463 [main] DEBUG org.apache.hc.client5.http.impl.io.PoolingHttpClientConnectionManager - ep-00000000: connection http-outgoing-0 can be kept alive for 3 MINUTES
23:18:07.463 [main] DEBUG org.apache.hc.client5.http.impl.io.PoolingHttpClientConnectionManager - ep-00000000: connection released [route: {s}->https://raw.githubusercontent.com:443][total available: 1; route allocated: 1 of 5; total allocated: 1 of 25]
23:18:07.463 [main] DEBUG io.github.bonigarcia.wdm.versions.VersionDetector - Detecting chrome version using online commands.properties
23:18:07.468 [main] DEBUG io.github.bonigarcia.wdm.versions.Shell - Running command on the shell: [cmd.exe, /C, wmic, datafile, where, name="%PROGRAMFILES:\=\\%\\Google\\Chrome\\Application\\chrome.exe", get, Version, /value]
23:18:07.861 [main] DEBUG io.github.bonigarcia.wdm.versions.Shell - Result: 
23:18:07.862 [main] DEBUG io.github.bonigarcia.wdm.versions.Shell - Running command on the shell: [cmd.exe, /C, wmic, datafile, where, name="%PROGRAMFILES(X86):\=\\%\\Google\\Chrome\\Application\\chrome.exe", get, Version, /value]
23:18:08.156 [main] DEBUG io.github.bonigarcia.wdm.versions.Shell - Result: 
23:18:08.156 [main] DEBUG io.github.bonigarcia.wdm.versions.Shell - Running command on the shell: [cmd.exe, /C, wmic, datafile, where, name="%LOCALAPPDATA:\=\\%\\Google\\Chrome\\Application\\chrome.exe", get, Version, /value]
23:18:08.401 [main] DEBUG io.github.bonigarcia.wdm.versions.Shell - Result: 
23:18:08.401 [main] DEBUG io.github.bonigarcia.wdm.versions.Shell - Running command on the shell: [REG, QUERY, HKCU\Software\Google\Chrome\BLBeacon, /v, version]
23:18:08.435 [main] DEBUG io.github.bonigarcia.wdm.versions.Shell - Result: HKEY_CURRENT_USER\Software\Google\Chrome\BLBeacon
    version    REG_SZ    100.0.4896.127
23:18:08.438 [main] DEBUG io.github.bonigarcia.wdm.cache.ResolutionCache - Removing resolution chrome100=100.0.4896.60 from cache (expired on Wed Apr 27 11:27:22 CDT 2022)
23:18:08.440 [main] DEBUG org.apache.hc.client5.http.impl.classic.InternalHttpClient - ex-00000002: preparing request execution
23:18:08.440 [main] DEBUG org.apache.hc.client5.http.protocol.RequestAddCookies - Cookie spec selected: strict
23:18:08.440 [main] DEBUG org.apache.hc.client5.http.protocol.RequestAuthCache - Auth cache not set in the context
23:18:08.440 [main] DEBUG org.apache.hc.client5.http.impl.classic.ProtocolExec - ex-00000002: target auth state: UNCHALLENGED
23:18:08.440 [main] DEBUG org.apache.hc.client5.http.impl.classic.ProtocolExec - ex-00000002: proxy auth state: UNCHALLENGED
23:18:08.440 [main] DEBUG org.apache.hc.client5.http.impl.classic.ConnectExec - ex-00000002: acquiring connection with route {s}->https://chromedriver.storage.googleapis.com:443
23:18:08.440 [main] DEBUG org.apache.hc.client5.http.impl.classic.InternalHttpClient - ex-00000002: acquiring endpoint (3 MINUTES)
23:18:08.440 [main] DEBUG org.apache.hc.client5.http.impl.io.PoolingHttpClientConnectionManager - ex-00000002: endpoint lease request (3 MINUTES) [route: {s}->https://chromedriver.storage.googleapis.com:443][total available: 1; route allocated: 0 of 5; total allocated: 1 of 25]
23:18:08.440 [main] DEBUG org.apache.hc.client5.http.impl.io.PoolingHttpClientConnectionManager - ex-00000002: endpoint leased [route: {s}->https://chromedriver.storage.googleapis.com:443][total available: 1; route allocated: 1 of 5; total allocated: 2 of 25]
23:18:08.441 [main] DEBUG org.apache.hc.client5.http.impl.io.PoolingHttpClientConnectionManager - ex-00000002: acquired ep-00000001
23:18:08.441 [main] DEBUG org.apache.hc.client5.http.impl.classic.InternalHttpClient - ex-00000002: acquired endpoint ep-00000001
23:18:08.441 [main] DEBUG org.apache.hc.client5.http.impl.classic.ConnectExec - ex-00000002: opening connection {s}->https://chromedriver.storage.googleapis.com:443
23:18:08.441 [main] DEBUG org.apache.hc.client5.http.impl.classic.InternalHttpClient - ep-00000001: connecting endpoint (30 SECONDS)
23:18:08.441 [main] DEBUG org.apache.hc.client5.http.impl.io.PoolingHttpClientConnectionManager - ep-00000001: connecting endpoint to https://chromedriver.storage.googleapis.com:443 (30 SECONDS)
23:18:08.492 [main] DEBUG org.apache.hc.client5.http.impl.io.DefaultHttpClientConnectionOperator - http-outgoing-1: connecting to chromedriver.storage.googleapis.com/142.251.32.16:443
23:18:08.492 [main] DEBUG org.apache.hc.client5.http.ssl.SSLConnectionSocketFactory - Connecting socket to chromedriver.storage.googleapis.com/142.251.32.16:443 with timeout 30 SECONDS
23:18:08.549 [main] DEBUG org.apache.hc.client5.http.ssl.SSLConnectionSocketFactory - Enabled protocols: [TLSv1.2]
23:18:08.549 [main] DEBUG org.apache.hc.client5.http.ssl.SSLConnectionSocketFactory - Enabled cipher suites: [TLS_ECDHE_ECDSA_WITH_AES_256_GCM_SHA384, TLS_ECDHE_ECDSA_WITH_AES_128_GCM_SHA256, TLS_ECDHE_RSA_WITH_AES_256_GCM_SHA384, TLS_ECDHE_RSA_WITH_AES_128_GCM_SHA256, TLS_DHE_RSA_WITH_AES_256_GCM_SHA384, TLS_DHE_DSS_WITH_AES_256_GCM_SHA384, TLS_DHE_RSA_WITH_AES_128_GCM_SHA256, TLS_DHE_DSS_WITH_AES_128_GCM_SHA256, TLS_ECDHE_ECDSA_WITH_AES_256_CBC_SHA384, TLS_ECDHE_RSA_WITH_AES_256_CBC_SHA384, TLS_ECDHE_ECDSA_WITH_AES_128_CBC_SHA256, TLS_ECDHE_RSA_WITH_AES_128_CBC_SHA256, TLS_DHE_RSA_WITH_AES_256_CBC_SHA256, TLS_DHE_DSS_WITH_AES_256_CBC_SHA256, TLS_DHE_RSA_WITH_AES_128_CBC_SHA256, TLS_DHE_DSS_WITH_AES_128_CBC_SHA256, TLS_ECDH_ECDSA_WITH_AES_256_GCM_SHA384, TLS_ECDH_RSA_WITH_AES_256_GCM_SHA384, TLS_ECDH_ECDSA_WITH_AES_128_GCM_SHA256, TLS_ECDH_RSA_WITH_AES_128_GCM_SHA256, TLS_ECDH_ECDSA_WITH_AES_256_CBC_SHA384, TLS_ECDH_RSA_WITH_AES_256_CBC_SHA384, TLS_ECDH_ECDSA_WITH_AES_128_CBC_SHA256, TLS_ECDH_RSA_WITH_AES_128_CBC_SHA256, TLS_ECDHE_ECDSA_WITH_AES_256_CBC_SHA, TLS_ECDHE_RSA_WITH_AES_256_CBC_SHA, TLS_ECDHE_ECDSA_WITH_AES_128_CBC_SHA, TLS_ECDHE_RSA_WITH_AES_128_CBC_SHA, TLS_DHE_RSA_WITH_AES_256_CBC_SHA, TLS_DHE_DSS_WITH_AES_256_CBC_SHA, TLS_DHE_RSA_WITH_AES_128_CBC_SHA, TLS_DHE_DSS_WITH_AES_128_CBC_SHA, TLS_ECDH_ECDSA_WITH_AES_256_CBC_SHA, TLS_ECDH_RSA_WITH_AES_256_CBC_SHA, TLS_ECDH_ECDSA_WITH_AES_128_CBC_SHA, TLS_ECDH_RSA_WITH_AES_128_CBC_SHA, TLS_RSA_WITH_AES_256_GCM_SHA384, TLS_RSA_WITH_AES_128_GCM_SHA256, TLS_RSA_WITH_AES_256_CBC_SHA256, TLS_RSA_WITH_AES_128_CBC_SHA256, TLS_RSA_WITH_AES_256_CBC_SHA, TLS_RSA_WITH_AES_128_CBC_SHA, TLS_EMPTY_RENEGOTIATION_INFO_SCSV]
23:18:08.550 [main] DEBUG org.apache.hc.client5.http.ssl.SSLConnectionSocketFactory - Starting handshake
23:18:08.642 [main] DEBUG org.apache.hc.client5.http.ssl.SSLConnectionSocketFactory - Secure session established
23:18:08.642 [main] DEBUG org.apache.hc.client5.http.ssl.SSLConnectionSocketFactory -  negotiated protocol: TLSv1.2
23:18:08.643 [main] DEBUG org.apache.hc.client5.http.ssl.SSLConnectionSocketFactory -  negotiated cipher suite: TLS_ECDHE_ECDSA_WITH_AES_128_GCM_SHA256
23:18:08.643 [main] DEBUG org.apache.hc.client5.http.ssl.SSLConnectionSocketFactory -  peer principal: CN=*.storage.googleapis.com
23:18:08.643 [main] DEBUG org.apache.hc.client5.http.ssl.SSLConnectionSocketFactory -  peer alternative names: [*.storage.googleapis.com, *.googleapis.com, commondatastorage.googleapis.com, *.commondatastorage.googleapis.com, storage.googleapis.com, storage.mtls.googleapis.com, *.appspot.com.storage.googleapis.com, *.content-storage.googleapis.com, *.content-storage-p2.googleapis.com, *.content-storage-upload.googleapis.com, *.content-storage-download.googleapis.com, *.storage-upload.googleapis.com, *.storage-download.googleapis.com]
23:18:08.643 [main] DEBUG org.apache.hc.client5.http.ssl.SSLConnectionSocketFactory -  issuer principal: CN=GTS CA 1C3, O=Google Trust Services LLC, C=US
23:18:08.643 [main] DEBUG org.apache.hc.client5.http.impl.io.DefaultHttpClientConnectionOperator - http-outgoing-1: connection established 192.168.1.11:63904<->142.251.32.16:443
23:18:08.643 [main] DEBUG org.apache.hc.client5.http.impl.io.PoolingHttpClientConnectionManager - ep-00000001: connected http-outgoing-1
23:18:08.643 [main] DEBUG org.apache.hc.client5.http.impl.classic.InternalHttpClient - ep-00000001: endpoint connected
23:18:08.643 [main] DEBUG org.apache.hc.client5.http.impl.classic.MainClientExec - ex-00000002: executing GET /LATEST_RELEASE_100 HTTP/1.1
23:18:08.643 [main] DEBUG org.apache.hc.client5.http.impl.classic.InternalHttpClient - ep-00000001: start execution ex-00000002
23:18:08.643 [main] DEBUG org.apache.hc.client5.http.impl.io.PoolingHttpClientConnectionManager - ep-00000001: executing exchange ex-00000002 over http-outgoing-1
23:18:08.643 [main] DEBUG org.apache.hc.client5.http.headers - http-outgoing-1 >> GET /LATEST_RELEASE_100 HTTP/1.1
23:18:08.643 [main] DEBUG org.apache.hc.client5.http.headers - http-outgoing-1 >> user-agent: Apache-HttpClient/5.0
23:18:08.643 [main] DEBUG org.apache.hc.client5.http.headers - http-outgoing-1 >> accept-encoding: gzip, deflate, br
23:18:08.644 [main] DEBUG org.apache.hc.client5.http.headers - http-outgoing-1 >> cache-control: max-age=0
23:18:08.644 [main] DEBUG org.apache.hc.client5.http.headers - http-outgoing-1 >> connection: keep-alive
23:18:08.644 [main] DEBUG org.apache.hc.client5.http.headers - http-outgoing-1 >> Host: chromedriver.storage.googleapis.com
23:18:08.644 [main] DEBUG org.apache.hc.client5.http.wire - http-outgoing-1 >> "GET /LATEST_RELEASE_100 HTTP/1.1[\r][\n]"
23:18:08.644 [main] DEBUG org.apache.hc.client5.http.wire - http-outgoing-1 >> "user-agent: Apache-HttpClient/5.0[\r][\n]"
23:18:08.644 [main] DEBUG org.apache.hc.client5.http.wire - http-outgoing-1 >> "accept-encoding: gzip, deflate, br[\r][\n]"
23:18:08.644 [main] DEBUG org.apache.hc.client5.http.wire - http-outgoing-1 >> "cache-control: max-age=0[\r][\n]"
23:18:08.644 [main] DEBUG org.apache.hc.client5.http.wire - http-outgoing-1 >> "connection: keep-alive[\r][\n]"
23:18:08.644 [main] DEBUG org.apache.hc.client5.http.wire - http-outgoing-1 >> "Host: chromedriver.storage.googleapis.com[\r][\n]"
23:18:08.644 [main] DEBUG org.apache.hc.client5.http.wire - http-outgoing-1 >> "[\r][\n]"
23:18:08.671 [main] DEBUG org.apache.hc.client5.http.wire - http-outgoing-1 << "HTTP/1.1 200 OK[\r][\n]"
23:18:08.671 [main] DEBUG org.apache.hc.client5.http.wire - http-outgoing-1 << "X-GUploader-UploadID: ADPycdsT2w_bUs9D09fTK6GIvff3uQYGg1PQm3tdPnrMIP6ADBDS9OwVWuXzXC3jEc45EmETncLWgndNWFXsmQmJkyUU[\r][\n]"
23:18:08.671 [main] DEBUG org.apache.hc.client5.http.wire - http-outgoing-1 << "x-goog-generation: 1648624005669881[\r][\n]"
23:18:08.671 [main] DEBUG org.apache.hc.client5.http.wire - http-outgoing-1 << "x-goog-metageneration: 1[\r][\n]"
23:18:08.671 [main] DEBUG org.apache.hc.client5.http.wire - http-outgoing-1 << "x-goog-stored-content-encoding: identity[\r][\n]"
23:18:08.672 [main] DEBUG org.apache.hc.client5.http.wire - http-outgoing-1 << "x-goog-stored-content-length: 13[\r][\n]"
23:18:08.672 [main] DEBUG org.apache.hc.client5.http.wire - http-outgoing-1 << "x-goog-hash: crc32c=bGnB7Q==[\r][\n]"
23:18:08.672 [main] DEBUG org.apache.hc.client5.http.wire - http-outgoing-1 << "x-goog-hash: md5=eQ22mvWu3MUE9TlSwnUh+g==[\r][\n]"
23:18:08.672 [main] DEBUG org.apache.hc.client5.http.wire - http-outgoing-1 << "x-goog-storage-class: STANDARD[\r][\n]"
23:18:08.672 [main] DEBUG org.apache.hc.client5.http.wire - http-outgoing-1 << "Accept-Ranges: bytes[\r][\n]"
23:18:08.672 [main] DEBUG org.apache.hc.client5.http.wire - http-outgoing-1 << "Content-Length: 13[\r][\n]"
23:18:08.672 [main] DEBUG org.apache.hc.client5.http.wire - http-outgoing-1 << "Server: UploadServer[\r][\n]"
23:18:08.672 [main] DEBUG org.apache.hc.client5.http.wire - http-outgoing-1 << "Date: Thu, 28 Apr 2022 04:00:31 GMT[\r][\n]"
23:18:08.672 [main] DEBUG org.apache.hc.client5.http.wire - http-outgoing-1 << "Expires: Thu, 28 Apr 2022 05:00:31 GMT[\r][\n]"
23:18:08.672 [main] DEBUG org.apache.hc.client5.http.wire - http-outgoing-1 << "Cache-Control: public, max-age=3600[\r][\n]"
23:18:08.672 [main] DEBUG org.apache.hc.client5.http.wire - http-outgoing-1 << "Age: 1059[\r][\n]"
23:18:08.672 [main] DEBUG org.apache.hc.client5.http.wire - http-outgoing-1 << "Last-Modified: Wed, 30 Mar 2022 07:06:45 GMT[\r][\n]"
23:18:08.672 [main] DEBUG org.apache.hc.client5.http.wire - http-outgoing-1 << "ETag: "790db69af5aedcc504f53952c27521fa"[\r][\n]"
23:18:08.672 [main] DEBUG org.apache.hc.client5.http.wire - http-outgoing-1 << "Content-Type: text/plain[\r][\n]"
23:18:08.672 [main] DEBUG org.apache.hc.client5.http.wire - http-outgoing-1 << "Alt-Svc: h3=":443"; ma=2592000,h3-29=":443"; ma=2592000,h3-Q050=":443"; ma=2592000,h3-Q046=":443"; ma=2592000,h3-Q043=":443"; ma=2592000,quic=":443"; ma=2592000; v="46,43"[\r][\n]"
23:18:08.672 [main] DEBUG org.apache.hc.client5.http.wire - http-outgoing-1 << "[\r][\n]"
23:18:08.672 [main] DEBUG org.apache.hc.client5.http.wire - http-outgoing-1 << "100.0.4896.60"
23:18:08.673 [main] DEBUG org.apache.hc.client5.http.headers - http-outgoing-1 << HTTP/1.1 200 OK
23:18:08.673 [main] DEBUG org.apache.hc.client5.http.headers - http-outgoing-1 << X-GUploader-UploadID: ADPycdsT2w_bUs9D09fTK6GIvff3uQYGg1PQm3tdPnrMIP6ADBDS9OwVWuXzXC3jEc45EmETncLWgndNWFXsmQmJkyUU
23:18:08.673 [main] DEBUG org.apache.hc.client5.http.headers - http-outgoing-1 << x-goog-generation: 1648624005669881
23:18:08.673 [main] DEBUG org.apache.hc.client5.http.headers - http-outgoing-1 << x-goog-metageneration: 1
23:18:08.673 [main] DEBUG org.apache.hc.client5.http.headers - http-outgoing-1 << x-goog-stored-content-encoding: identity
23:18:08.673 [main] DEBUG org.apache.hc.client5.http.headers - http-outgoing-1 << x-goog-stored-content-length: 13
23:18:08.673 [main] DEBUG org.apache.hc.client5.http.headers - http-outgoing-1 << x-goog-hash: crc32c=bGnB7Q==
23:18:08.673 [main] DEBUG org.apache.hc.client5.http.headers - http-outgoing-1 << x-goog-hash: md5=eQ22mvWu3MUE9TlSwnUh+g==
23:18:08.673 [main] DEBUG org.apache.hc.client5.http.headers - http-outgoing-1 << x-goog-storage-class: STANDARD
23:18:08.673 [main] DEBUG org.apache.hc.client5.http.headers - http-outgoing-1 << Accept-Ranges: bytes
23:18:08.673 [main] DEBUG org.apache.hc.client5.http.headers - http-outgoing-1 << Content-Length: 13
23:18:08.673 [main] DEBUG org.apache.hc.client5.http.headers - http-outgoing-1 << Server: UploadServer
23:18:08.673 [main] DEBUG org.apache.hc.client5.http.headers - http-outgoing-1 << Date: Thu, 28 Apr 2022 04:00:31 GMT
23:18:08.673 [main] DEBUG org.apache.hc.client5.http.headers - http-outgoing-1 << Expires: Thu, 28 Apr 2022 05:00:31 GMT
23:18:08.673 [main] DEBUG org.apache.hc.client5.http.headers - http-outgoing-1 << Cache-Control: public, max-age=3600
23:18:08.673 [main] DEBUG org.apache.hc.client5.http.headers - http-outgoing-1 << Age: 1059
23:18:08.673 [main] DEBUG org.apache.hc.client5.http.headers - http-outgoing-1 << Last-Modified: Wed, 30 Mar 2022 07:06:45 GMT
23:18:08.676 [main] DEBUG org.apache.hc.client5.http.headers - http-outgoing-1 << ETag: "790db69af5aedcc504f53952c27521fa"
23:18:08.676 [main] DEBUG org.apache.hc.client5.http.headers - http-outgoing-1 << Content-Type: text/plain
23:18:08.676 [main] DEBUG org.apache.hc.client5.http.headers - http-outgoing-1 << Alt-Svc: h3=":443"; ma=2592000,h3-29=":443"; ma=2592000,h3-Q050=":443"; ma=2592000,h3-Q046=":443"; ma=2592000,h3-Q043=":443"; ma=2592000,quic=":443"; ma=2592000; v="46,43"
23:18:08.677 [main] DEBUG org.apache.hc.client5.http.impl.classic.MainClientExec - ex-00000002: connection can be kept alive for 3 MINUTES
23:18:08.677 [main] DEBUG org.apache.hc.client5.http.impl.classic.InternalHttpClient - ep-00000001: releasing valid endpoint
23:18:08.677 [main] DEBUG org.apache.hc.client5.http.impl.io.PoolingHttpClientConnectionManager - ep-00000001: releasing endpoint
23:18:08.677 [main] DEBUG org.apache.hc.client5.http.impl.io.PoolingHttpClientConnectionManager - ep-00000001: connection http-outgoing-1 can be kept alive for 3 MINUTES
23:18:08.677 [main] DEBUG org.apache.hc.client5.http.impl.io.PoolingHttpClientConnectionManager - ep-00000001: connection released [route: {s}->https://chromedriver.storage.googleapis.com:443][total available: 2; route allocated: 1 of 5; total allocated: 2 of 25]
23:18:08.678 [main] DEBUG io.github.bonigarcia.wdm.versions.VersionDetector - Latest version of chromedriver according to https://chromedriver.storage.googleapis.com/LATEST_RELEASE_100 is 100.0.4896.60
23:18:08.678 [main] INFO io.github.bonigarcia.wdm.WebDriverManager - Using chromedriver 100.0.4896.60 (resolved driver for Chrome 100)
23:18:08.679 [main] DEBUG io.github.bonigarcia.wdm.cache.ResolutionCache - Storing resolution chrome=100 in cache (valid until 00:18:08 28/04/2022 CDT)
23:18:08.681 [main] DEBUG io.github.bonigarcia.wdm.cache.ResolutionCache - Storing resolution chrome100=100.0.4896.60 in cache (valid until 23:18:08 28/04/2022 CDT)
23:18:08.712 [main] DEBUG io.github.bonigarcia.wdm.WebDriverManager - Driver chromedriver 100.0.4896.60 found in cache
23:18:08.713 [main] INFO io.github.bonigarcia.wdm.WebDriverManager - Exporting webdriver.chrome.driver as C:\Users\saita\.cache\selenium\chromedriver\win32\100.0.4896.60\chromedriver.exe
23:18:09.036 [main] DEBUG io.netty.util.internal.logging.InternalLoggerFactory - Using SLF4J as the default logging framework
23:18:09.042 [main] DEBUG io.netty.util.ResourceLeakDetector - -Dio.netty.leakDetection.level: simple
23:18:09.042 [main] DEBUG io.netty.util.ResourceLeakDetector - -Dio.netty.leakDetection.targetRecords: 4
23:18:09.049 [main] DEBUG io.netty.util.ResourceLeakDetectorFactory - Loaded default ResourceLeakDetector: io.netty.util.ResourceLeakDetector@760689
23:18:09.087 [main] DEBUG io.netty.util.internal.PlatformDependent0 - -Dio.netty.noUnsafe: false
23:18:09.088 [main] DEBUG io.netty.util.internal.PlatformDependent0 - Java version: 8
23:18:09.090 [main] DEBUG io.netty.util.internal.PlatformDependent0 - sun.misc.Unsafe.theUnsafe: available
23:18:09.091 [main] DEBUG io.netty.util.internal.PlatformDependent0 - sun.misc.Unsafe.copyMemory: available
23:18:09.091 [main] DEBUG io.netty.util.internal.PlatformDependent0 - java.nio.Buffer.address: available
23:18:09.092 [main] DEBUG io.netty.util.internal.PlatformDependent0 - direct buffer constructor: available
23:18:09.093 [main] DEBUG io.netty.util.internal.PlatformDependent0 - java.nio.Bits.unaligned: available, true
23:18:09.093 [main] DEBUG io.netty.util.internal.PlatformDependent0 - jdk.internal.misc.Unsafe.allocateUninitializedArray(int): unavailable prior to Java9
23:18:09.093 [main] DEBUG io.netty.util.internal.PlatformDependent0 - java.nio.DirectByteBuffer.<init>(long, int): available
23:18:09.094 [main] DEBUG io.netty.util.internal.PlatformDependent - sun.misc.Unsafe: available
23:18:09.095 [main] DEBUG io.netty.util.internal.PlatformDependent - -Dio.netty.tmpdir: C:\Users\saita\AppData\Local\Temp (java.io.tmpdir)
23:18:09.095 [main] DEBUG io.netty.util.internal.PlatformDependent - -Dio.netty.bitMode: 32 (sun.arch.data.model)
23:18:09.095 [main] DEBUG io.netty.util.internal.PlatformDependent - Platform: Windows
23:18:09.097 [main] DEBUG io.netty.util.internal.PlatformDependent - -Dio.netty.maxDirectMemory: 259522560 bytes
23:18:09.097 [main] DEBUG io.netty.util.internal.PlatformDependent - -Dio.netty.uninitializedArrayAllocationThreshold: -1
23:18:09.098 [main] DEBUG io.netty.util.internal.CleanerJava6 - java.nio.ByteBuffer.cleaner(): available
23:18:09.098 [main] DEBUG io.netty.util.internal.PlatformDependent - -Dio.netty.noPreferDirect: false
23:18:09.115 [main] DEBUG io.netty.util.internal.PlatformDependent - org.jctools-core.MpscChunkedArrayQueue: available
23:18:09.153 [main] DEBUG io.netty.util.internal.InternalThreadLocalMap - -Dio.netty.threadLocalMap.stringBuilder.initialSize: 1024
23:18:09.153 [main] DEBUG io.netty.util.internal.InternalThreadLocalMap - -Dio.netty.threadLocalMap.stringBuilder.maxSize: 4096
23:18:09.179 [main] DEBUG io.netty.handler.ssl.JdkSslContext - Default protocols (JDK): [TLSv1.2] 
23:18:09.179 [main] DEBUG io.netty.handler.ssl.JdkSslContext - Default cipher suites (JDK): [TLS_ECDHE_ECDSA_WITH_AES_256_GCM_SHA384, TLS_ECDHE_ECDSA_WITH_AES_128_GCM_SHA256, TLS_ECDHE_RSA_WITH_AES_128_GCM_SHA256, TLS_ECDHE_RSA_WITH_AES_256_GCM_SHA384, TLS_ECDHE_RSA_WITH_AES_128_CBC_SHA, TLS_ECDHE_RSA_WITH_AES_256_CBC_SHA, TLS_RSA_WITH_AES_128_GCM_SHA256, TLS_RSA_WITH_AES_128_CBC_SHA, TLS_RSA_WITH_AES_256_CBC_SHA, TLS_AES_128_GCM_SHA256, TLS_AES_256_GCM_SHA384]
23:18:09.227 [main] DEBUG io.netty.channel.MultithreadEventLoopGroup - -Dio.netty.eventLoopThreads: 16
23:18:09.243 [main] DEBUG io.netty.channel.nio.NioEventLoop - -Dio.netty.noKeySetOptimization: false
23:18:09.244 [main] DEBUG io.netty.channel.nio.NioEventLoop - -Dio.netty.selectorAutoRebuildThreshold: 512
23:18:09.318 [main] DEBUG io.netty.buffer.PooledByteBufAllocator - -Dio.netty.allocator.numHeapArenas: 10
23:18:09.318 [main] DEBUG io.netty.buffer.PooledByteBufAllocator - -Dio.netty.allocator.numDirectArenas: 10
23:18:09.318 [main] DEBUG io.netty.buffer.PooledByteBufAllocator - -Dio.netty.allocator.pageSize: 8192
23:18:09.318 [main] DEBUG io.netty.buffer.PooledByteBufAllocator - -Dio.netty.allocator.maxOrder: 9
23:18:09.318 [main] DEBUG io.netty.buffer.PooledByteBufAllocator - -Dio.netty.allocator.chunkSize: 4194304
23:18:09.318 [main] DEBUG io.netty.buffer.PooledByteBufAllocator - -Dio.netty.allocator.smallCacheSize: 256
23:18:09.318 [main] DEBUG io.netty.buffer.PooledByteBufAllocator - -Dio.netty.allocator.normalCacheSize: 64
23:18:09.318 [main] DEBUG io.netty.buffer.PooledByteBufAllocator - -Dio.netty.allocator.maxCachedBufferCapacity: 32768
23:18:09.318 [main] DEBUG io.netty.buffer.PooledByteBufAllocator - -Dio.netty.allocator.cacheTrimInterval: 8192
23:18:09.319 [main] DEBUG io.netty.buffer.PooledByteBufAllocator - -Dio.netty.allocator.cacheTrimIntervalMillis: 0
23:18:09.319 [main] DEBUG io.netty.buffer.PooledByteBufAllocator - -Dio.netty.allocator.useCacheForAllThreads: false
23:18:09.319 [main] DEBUG io.netty.buffer.PooledByteBufAllocator - -Dio.netty.allocator.maxCachedByteBuffersPerChunk: 1023
23:18:09.333 [main] DEBUG io.netty.buffer.ByteBufUtil - -Dio.netty.allocator.type: pooled
23:18:09.333 [main] DEBUG io.netty.buffer.ByteBufUtil - -Dio.netty.threadLocalDirectBufferSize: 0
23:18:09.333 [main] DEBUG io.netty.buffer.ByteBufUtil - -Dio.netty.maxThreadLocalCharBufferSize: 16384
23:18:10.248 [Forwarding newSession on session null to remote] DEBUG io.netty.channel.DefaultChannelId - -Dio.netty.processId: 31108 (auto-detected)
23:18:10.250 [Forwarding newSession on session null to remote] DEBUG io.netty.util.NetUtil - -Djava.net.preferIPv4Stack: false
23:18:10.250 [Forwarding newSession on session null to remote] DEBUG io.netty.util.NetUtil - -Djava.net.preferIPv6Addresses: false
23:18:10.354 [Forwarding newSession on session null to remote] DEBUG io.netty.util.NetUtilInitializations - Loopback interface: lo (Software Loopback Interface 1, 127.0.0.1)
23:18:10.355 [Forwarding newSession on session null to remote] DEBUG io.netty.util.NetUtil - Failed to get SOMAXCONN from sysctl and file \proc\sys\net\core\somaxconn. Default: 200
23:18:10.461 [Forwarding newSession on session null to remote] DEBUG io.netty.channel.DefaultChannelId - -Dio.netty.machineId: 90:e8:68:ff:fe:13:be:3d (auto-detected)
23:18:10.523 [AsyncHttpClient-1-2] DEBUG io.netty.buffer.AbstractByteBuf - -Dio.netty.buffer.checkAccessible: true
23:18:10.524 [AsyncHttpClient-1-2] DEBUG io.netty.buffer.AbstractByteBuf - -Dio.netty.buffer.checkBounds: true
23:18:10.524 [AsyncHttpClient-1-2] DEBUG io.netty.util.ResourceLeakDetectorFactory - Loaded default ResourceLeakDetector: io.netty.util.ResourceLeakDetector@1d8b80c
23:18:10.538 [AsyncHttpClient-1-2] DEBUG org.asynchttpclient.netty.channel.NettyConnectListener - Using new Channel '[id: 0xf864d399, L:/127.0.0.1:63939 - R:localhost/127.0.0.1:59242]' for 'POST' to '/session'
23:18:10.557 [AsyncHttpClient-1-2] DEBUG io.netty.util.Recycler - -Dio.netty.recycler.maxCapacityPerThread: 4096
23:18:10.557 [AsyncHttpClient-1-2] DEBUG io.netty.util.Recycler - -Dio.netty.recycler.ratio: 8
23:18:10.557 [AsyncHttpClient-1-2] DEBUG io.netty.util.Recycler - -Dio.netty.recycler.chunkSize: 32
23:18:10.557 [AsyncHttpClient-1-2] DEBUG io.netty.util.Recycler - -Dio.netty.recycler.blocking: false
23:18:11.267 [AsyncHttpClient-1-2] DEBUG io.netty.handler.codec.compression.Brotli - brotli4j not in the classpath; Brotli support will be unavailable.
23:18:11.267 [AsyncHttpClient-1-2] DEBUG org.asynchttpclient.netty.handler.HttpHandler - 

Request DefaultHttpRequest(decodeResult: success, version: HTTP/1.1)
POST /session HTTP/1.1
User-Agent: selenium/4.1.2 (java windows)
Content-Length: 539
Content-Type: application/json; charset=utf-8
host: localhost:59242
accept: */*

Response DefaultHttpResponse(decodeResult: success, version: HTTP/1.1)
HTTP/1.1 200 OK
Content-Type: application/json; charset=utf-8
cache-control: no-cache
content-length: 791

23:18:11.318 [AsyncHttpClient-1-2] DEBUG org.asynchttpclient.netty.channel.ChannelManager - Adding key: http://localhost:59242 for channel [id: 0xf864d399, L:/127.0.0.1:63939 - R:localhost/127.0.0.1:59242]
23:18:11.329 [AsyncHttpClient-1-1] DEBUG org.asynchttpclient.netty.channel.DefaultChannelPool - Entry count for : http://localhost:59242 : 1
23:18:11.463 [AsyncHttpClient-1-3] DEBUG org.asynchttpclient.netty.channel.NettyConnectListener - Using new Channel '[id: 0x5b877191, L:/127.0.0.1:63947 - R:localhost/127.0.0.1:63940]' for 'GET' to '/json/version'
23:18:11.465 [AsyncHttpClient-1-3] DEBUG org.asynchttpclient.netty.handler.HttpHandler - 

Request DefaultFullHttpRequest(decodeResult: success, version: HTTP/1.1, content: EmptyByteBufBE)
GET /json/version HTTP/1.1
User-Agent: selenium/4.1.2 (java windows)
host: localhost:63940
accept: */*

Response DefaultHttpResponse(decodeResult: success, version: HTTP/1.1)
HTTP/1.1 200 OK
Content-Type: application/json; charset=UTF-8
content-length: 429

23:18:11.466 [AsyncHttpClient-1-3] DEBUG org.asynchttpclient.netty.channel.ChannelManager - Adding key: http://localhost:63940 for channel [id: 0x5b877191, L:/127.0.0.1:63947 - R:localhost/127.0.0.1:63940]
23:18:11.483 [main] DEBUG io.netty.util.internal.ThreadLocalRandom - -Dio.netty.initialSeedUniquifier: 0x29a141560b83a1c3
23:18:11.489 [AsyncHttpClient-1-4] DEBUG org.asynchttpclient.netty.channel.NettyConnectListener - Using new Channel '[id: 0xcd4a3c1a, L:/127.0.0.1:63948 - R:localhost/127.0.0.1:63940]' for 'GET' to '/devtools/browser/291c6867-2806-4294-86ae-476d350d054f'
23:18:11.490 [AsyncHttpClient-1-4] DEBUG org.asynchttpclient.netty.handler.WebSocketHandler - 

Request DefaultFullHttpRequest(decodeResult: success, version: HTTP/1.1, content: EmptyByteBufBE)
GET /devtools/browser/291c6867-2806-4294-86ae-476d350d054f HTTP/1.1
upgrade: websocket
connection: upgrade
sec-websocket-key: 1LDYflN/YnFjhNBVNPCpnQ==
sec-websocket-version: 13
origin: http://localhost:63940
host: localhost:63940
accept: */*
user-agent: AHC/2.1

Response DefaultHttpResponse(decodeResult: success, version: HTTP/1.1)
HTTP/1.1 101 WebSocket Protocol Handshake
Upgrade: WebSocket
Connection: Upgrade
Sec-WebSocket-Accept: ruOq4Zemzj6oD4+ugnDbVW/QKcA=

23:18:11.601 [Forwarding maximizeCurrentWindow on session 067fb0df5f021f17fb59c8f7a2da734f to remote] DEBUG org.asynchttpclient.netty.request.NettyRequestSender - Using pooled Channel '[id: 0xf864d399, L:/127.0.0.1:63939 - R:localhost/127.0.0.1:59242]' for 'POST' to 'http://localhost:59242/session/067fb0df5f021f17fb59c8f7a2da734f/window/maximize'
23:18:11.601 [Forwarding maximizeCurrentWindow on session 067fb0df5f021f17fb59c8f7a2da734f to remote] DEBUG org.asynchttpclient.netty.request.NettyRequestSender - Using open Channel [id: 0xf864d399, L:/127.0.0.1:63939 - R:localhost/127.0.0.1:59242] for POST '/session/067fb0df5f021f17fb59c8f7a2da734f/window/maximize'
23:18:11.734 [AsyncHttpClient-1-2] DEBUG org.asynchttpclient.netty.handler.HttpHandler - 

Request DefaultHttpRequest(decodeResult: success, version: HTTP/1.1)
POST /session/067fb0df5f021f17fb59c8f7a2da734f/window/maximize HTTP/1.1
User-Agent: selenium/4.1.2 (java windows)
Content-Length: 3
Content-Type: application/json; charset=utf-8
host: localhost:59242
accept: */*

Response DefaultHttpResponse(decodeResult: success, version: HTTP/1.1)
HTTP/1.1 200 OK
Content-Type: application/json; charset=utf-8
cache-control: no-cache
content-length: 51

23:18:11.735 [AsyncHttpClient-1-2] DEBUG org.asynchttpclient.netty.channel.ChannelManager - Adding key: http://localhost:59242 for channel [id: 0xf864d399, L:/127.0.0.1:63939 - R:localhost/127.0.0.1:59242]
23:18:11.737 [Forwarding get on session 067fb0df5f021f17fb59c8f7a2da734f to remote] DEBUG org.asynchttpclient.netty.request.NettyRequestSender - Using pooled Channel '[id: 0xf864d399, L:/127.0.0.1:63939 - R:localhost/127.0.0.1:59242]' for 'POST' to 'http://localhost:59242/session/067fb0df5f021f17fb59c8f7a2da734f/url'
23:18:11.737 [Forwarding get on session 067fb0df5f021f17fb59c8f7a2da734f to remote] DEBUG org.asynchttpclient.netty.request.NettyRequestSender - Using open Channel [id: 0xf864d399, L:/127.0.0.1:63939 - R:localhost/127.0.0.1:59242] for POST '/session/067fb0df5f021f17fb59c8f7a2da734f/url'
23:18:12.425 [AsyncHttpClient-1-1] DEBUG org.asynchttpclient.netty.channel.DefaultChannelPool - Entry count for : http://localhost:63940 : 1
23:18:13.525 [AsyncHttpClient-1-1] DEBUG org.asynchttpclient.netty.channel.DefaultChannelPool - Entry count for : http://localhost:63940 : 1
23:18:14.604 [AsyncHttpClient-1-2] DEBUG org.asynchttpclient.netty.handler.HttpHandler - 

Request DefaultHttpRequest(decodeResult: success, version: HTTP/1.1)
POST /session/067fb0df5f021f17fb59c8f7a2da734f/url HTTP/1.1
User-Agent: selenium/4.1.2 (java windows)
Content-Length: 56
Content-Type: application/json; charset=utf-8
host: localhost:59242
accept: */*

Response DefaultHttpResponse(decodeResult: success, version: HTTP/1.1)
HTTP/1.1 500 Internal Server Error
Content-Type: application/json; charset=utf-8
cache-control: no-cache
content-length: 1601

23:18:14.605 [AsyncHttpClient-1-2] DEBUG org.asynchttpclient.netty.channel.ChannelManager - Adding key: http://localhost:59242 for channel [id: 0xf864d399, L:/127.0.0.1:63939 - R:localhost/127.0.0.1:59242]
23:18:14.626 [AsyncHttpClient-1-1] DEBUG org.asynchttpclient.netty.channel.DefaultChannelPool - Entry count for : http://localhost:63940 : 1
23:18:14.627 [AsyncHttpClient-1-1] DEBUG org.asynchttpclient.netty.channel.DefaultChannelPool - Entry count for : http://localhost:59242 : 1
]]></system-out>
    <system-err><![CDATA[Starting ChromeDriver 100.0.4896.60 (6a5d10861ce8de5fce22564658033b43cb7de047-refs/branch-heads/4896@{#875}) on port 59242
Only local connections are allowed.
Please see https://chromedriver.chromium.org/security-considerations for suggestions on keeping ChromeDriver safe.
ChromeDriver was started successfully.
Apr 27, 2022 11:18:11 PM org.openqa.selenium.remote.ProtocolHandshake createSession
INFO: Detected dialect: W3C
Apr 27, 2022 11:18:11 PM org.openqa.selenium.devtools.CdpVersionFinder findNearestMatch
WARNING: Unable to find an exact match for CDP version 100, so returning the closest version found: 97
Apr 27, 2022 11:18:11 PM org.openqa.selenium.devtools.CdpVersionFinder findNearestMatch
INFO: Found CDP implementation for version 100 of 97
]]></system-err>
  </testcase>
  <testcase name="test2" classname="PepperfryTests.HomePageTest" time="10.854">
    <system-out><![CDATA[23:18:14.665 [Forwarding findElement on session 067fb0df5f021f17fb59c8f7a2da734f to remote] DEBUG org.asynchttpclient.netty.request.NettyRequestSender - Using pooled Channel '[id: 0xf864d399, L:/127.0.0.1:63939 - R:localhost/127.0.0.1:59242]' for 'POST' to 'http://localhost:59242/session/067fb0df5f021f17fb59c8f7a2da734f/element'
23:18:14.665 [Forwarding findElement on session 067fb0df5f021f17fb59c8f7a2da734f to remote] DEBUG org.asynchttpclient.netty.request.NettyRequestSender - Using open Channel [id: 0xf864d399, L:/127.0.0.1:63939 - R:localhost/127.0.0.1:59242] for POST '/session/067fb0df5f021f17fb59c8f7a2da734f/element'
23:18:15.723 [AsyncHttpClient-1-1] DEBUG org.asynchttpclient.netty.channel.DefaultChannelPool - Entry count for : http://localhost:63940 : 1
23:18:16.093 [AsyncHttpClient-1-2] DEBUG org.asynchttpclient.netty.handler.HttpHandler - 

Request DefaultHttpRequest(decodeResult: success, version: HTTP/1.1)
POST /session/067fb0df5f021f17fb59c8f7a2da734f/element HTTP/1.1
User-Agent: selenium/4.1.2 (java windows)
Content-Length: 68
Content-Type: application/json; charset=utf-8
host: localhost:59242
accept: */*

Response DefaultHttpResponse(decodeResult: success, version: HTTP/1.1)
HTTP/1.1 200 OK
Content-Type: application/json; charset=utf-8
cache-control: no-cache
content-length: 88

23:18:16.094 [AsyncHttpClient-1-2] DEBUG org.asynchttpclient.netty.channel.ChannelManager - Adding key: http://localhost:59242 for channel [id: 0xf864d399, L:/127.0.0.1:63939 - R:localhost/127.0.0.1:59242]
23:18:16.104 [Forwarding sendKeysToElement on session 067fb0df5f021f17fb59c8f7a2da734f to remote] DEBUG org.asynchttpclient.netty.request.NettyRequestSender - Using pooled Channel '[id: 0xf864d399, L:/127.0.0.1:63939 - R:localhost/127.0.0.1:59242]' for 'POST' to 'http://localhost:59242/session/067fb0df5f021f17fb59c8f7a2da734f/element/a12a45ce-ebb7-48d7-86d1-463a38eae503/value'
23:18:16.105 [Forwarding sendKeysToElement on session 067fb0df5f021f17fb59c8f7a2da734f to remote] DEBUG org.asynchttpclient.netty.request.NettyRequestSender - Using open Channel [id: 0xf864d399, L:/127.0.0.1:63939 - R:localhost/127.0.0.1:59242] for POST '/session/067fb0df5f021f17fb59c8f7a2da734f/element/a12a45ce-ebb7-48d7-86d1-463a38eae503/value'
23:18:16.186 [AsyncHttpClient-1-2] DEBUG org.asynchttpclient.netty.handler.HttpHandler - 

Request DefaultHttpRequest(decodeResult: success, version: HTTP/1.1)
POST /session/067fb0df5f021f17fb59c8f7a2da734f/element/a12a45ce-ebb7-48d7-86d1-463a38eae503/value HTTP/1.1
User-Agent: selenium/4.1.2 (java windows)
Content-Length: 171
Content-Type: application/json; charset=utf-8
host: localhost:59242
accept: */*

Response DefaultHttpResponse(decodeResult: success, version: HTTP/1.1)
HTTP/1.1 200 OK
Content-Type: application/json; charset=utf-8
cache-control: no-cache
content-length: 14

23:18:16.186 [AsyncHttpClient-1-2] DEBUG org.asynchttpclient.netty.channel.ChannelManager - Adding key: http://localhost:59242 for channel [id: 0xf864d399, L:/127.0.0.1:63939 - R:localhost/127.0.0.1:59242]
23:18:16.823 [AsyncHttpClient-1-1] DEBUG org.asynchttpclient.netty.channel.DefaultChannelPool - Entry count for : http://localhost:63940 : 1
23:18:16.823 [AsyncHttpClient-1-1] DEBUG org.asynchttpclient.netty.channel.DefaultChannelPool - Entry count for : http://localhost:59242 : 1
23:18:17.924 [AsyncHttpClient-1-1] DEBUG org.asynchttpclient.netty.channel.DefaultChannelPool - Entry count for : http://localhost:63940 : 1
23:18:17.924 [AsyncHttpClient-1-1] DEBUG org.asynchttpclient.netty.channel.DefaultChannelPool - Entry count for : http://localhost:59242 : 1
23:18:19.030 [AsyncHttpClient-1-1] DEBUG org.asynchttpclient.netty.channel.DefaultChannelPool - Entry count for : http://localhost:63940 : 1
23:18:19.030 [AsyncHttpClient-1-1] DEBUG org.asynchttpclient.netty.channel.DefaultChannelPool - Entry count for : http://localhost:59242 : 1
23:18:19.203 [Forwarding findElement on session 067fb0df5f021f17fb59c8f7a2da734f to remote] DEBUG org.asynchttpclient.netty.request.NettyRequestSender - Using pooled Channel '[id: 0xf864d399, L:/127.0.0.1:63939 - R:localhost/127.0.0.1:59242]' for 'POST' to 'http://localhost:59242/session/067fb0df5f021f17fb59c8f7a2da734f/element'
23:18:19.203 [Forwarding findElement on session 067fb0df5f021f17fb59c8f7a2da734f to remote] DEBUG org.asynchttpclient.netty.request.NettyRequestSender - Using open Channel [id: 0xf864d399, L:/127.0.0.1:63939 - R:localhost/127.0.0.1:59242] for POST '/session/067fb0df5f021f17fb59c8f7a2da734f/element'
23:18:19.269 [AsyncHttpClient-1-2] DEBUG org.asynchttpclient.netty.handler.HttpHandler - 

Request DefaultHttpRequest(decodeResult: success, version: HTTP/1.1)
POST /session/067fb0df5f021f17fb59c8f7a2da734f/element HTTP/1.1
User-Agent: selenium/4.1.2 (java windows)
Content-Length: 74
Content-Type: application/json; charset=utf-8
host: localhost:59242
accept: */*

Response DefaultHttpResponse(decodeResult: success, version: HTTP/1.1)
HTTP/1.1 200 OK
Content-Type: application/json; charset=utf-8
cache-control: no-cache
content-length: 88

23:18:19.269 [AsyncHttpClient-1-2] DEBUG org.asynchttpclient.netty.channel.ChannelManager - Adding key: http://localhost:59242 for channel [id: 0xf864d399, L:/127.0.0.1:63939 - R:localhost/127.0.0.1:59242]
23:18:19.272 [Forwarding clickElement on session 067fb0df5f021f17fb59c8f7a2da734f to remote] DEBUG org.asynchttpclient.netty.request.NettyRequestSender - Using pooled Channel '[id: 0xf864d399, L:/127.0.0.1:63939 - R:localhost/127.0.0.1:59242]' for 'POST' to 'http://localhost:59242/session/067fb0df5f021f17fb59c8f7a2da734f/element/e2f2c23a-9a7c-42f7-8354-4c30042e114a/click'
23:18:19.272 [Forwarding clickElement on session 067fb0df5f021f17fb59c8f7a2da734f to remote] DEBUG org.asynchttpclient.netty.request.NettyRequestSender - Using open Channel [id: 0xf864d399, L:/127.0.0.1:63939 - R:localhost/127.0.0.1:59242] for POST '/session/067fb0df5f021f17fb59c8f7a2da734f/element/e2f2c23a-9a7c-42f7-8354-4c30042e114a/click'
23:18:20.137 [AsyncHttpClient-1-1] DEBUG org.asynchttpclient.netty.channel.DefaultChannelPool - Entry count for : http://localhost:63940 : 1
23:18:21.222 [AsyncHttpClient-1-1] DEBUG org.asynchttpclient.netty.channel.DefaultChannelPool - Entry count for : http://localhost:63940 : 1
23:18:22.324 [AsyncHttpClient-1-1] DEBUG org.asynchttpclient.netty.channel.DefaultChannelPool - Entry count for : http://localhost:63940 : 1
23:18:22.431 [AsyncHttpClient-1-2] DEBUG org.asynchttpclient.netty.handler.HttpHandler - 

Request DefaultHttpRequest(decodeResult: success, version: HTTP/1.1)
POST /session/067fb0df5f021f17fb59c8f7a2da734f/element/e2f2c23a-9a7c-42f7-8354-4c30042e114a/click HTTP/1.1
User-Agent: selenium/4.1.2 (java windows)
Content-Length: 50
Content-Type: application/json; charset=utf-8
host: localhost:59242
accept: */*

Response DefaultHttpResponse(decodeResult: success, version: HTTP/1.1)
HTTP/1.1 200 OK
Content-Type: application/json; charset=utf-8
cache-control: no-cache
content-length: 14

23:18:22.432 [AsyncHttpClient-1-2] DEBUG org.asynchttpclient.netty.channel.ChannelManager - Adding key: http://localhost:59242 for channel [id: 0xf864d399, L:/127.0.0.1:63939 - R:localhost/127.0.0.1:59242]
23:18:23.436 [AsyncHttpClient-1-1] DEBUG org.asynchttpclient.netty.channel.DefaultChannelPool - Entry count for : http://localhost:63940 : 1
23:18:23.436 [AsyncHttpClient-1-1] DEBUG org.asynchttpclient.netty.channel.DefaultChannelPool - Entry count for : http://localhost:59242 : 1
23:18:24.523 [AsyncHttpClient-1-1] DEBUG org.asynchttpclient.netty.channel.DefaultChannelPool - Entry count for : http://localhost:63940 : 1
23:18:24.523 [AsyncHttpClient-1-1] DEBUG org.asynchttpclient.netty.channel.DefaultChannelPool - Entry count for : http://localhost:59242 : 1
]]></system-out>
  </testcase>
  <testcase name="test1" classname="PepperfryTests.ResultsPageTest" time="4.344">
    <system-out><![CDATA[23:18:25.461 [Forwarding findElements on session 067fb0df5f021f17fb59c8f7a2da734f to remote] DEBUG org.asynchttpclient.netty.request.NettyRequestSender - Using pooled Channel '[id: 0xf864d399, L:/127.0.0.1:63939 - R:localhost/127.0.0.1:59242]' for 'POST' to 'http://localhost:59242/session/067fb0df5f021f17fb59c8f7a2da734f/elements'
23:18:25.461 [Forwarding findElements on session 067fb0df5f021f17fb59c8f7a2da734f to remote] DEBUG org.asynchttpclient.netty.request.NettyRequestSender - Using open Channel [id: 0xf864d399, L:/127.0.0.1:63939 - R:localhost/127.0.0.1:59242] for POST '/session/067fb0df5f021f17fb59c8f7a2da734f/elements'
23:18:25.525 [AsyncHttpClient-1-2] DEBUG org.asynchttpclient.netty.handler.HttpHandler - 

Request DefaultHttpRequest(decodeResult: success, version: HTTP/1.1)
POST /session/067fb0df5f021f17fb59c8f7a2da734f/elements HTTP/1.1
User-Agent: selenium/4.1.2 (java windows)
Content-Length: 102
Content-Type: application/json; charset=utf-8
host: localhost:59242
accept: */*

Response DefaultHttpResponse(decodeResult: success, version: HTTP/1.1)
HTTP/1.1 200 OK
Content-Type: application/json; charset=utf-8
cache-control: no-cache
content-length: 3803

23:18:25.526 [AsyncHttpClient-1-2] DEBUG org.asynchttpclient.netty.channel.ChannelManager - Adding key: http://localhost:59242 for channel [id: 0xf864d399, L:/127.0.0.1:63939 - R:localhost/127.0.0.1:59242]
23:18:25.545 [Forwarding findElements on session 067fb0df5f021f17fb59c8f7a2da734f to remote] DEBUG org.asynchttpclient.netty.request.NettyRequestSender - Using pooled Channel '[id: 0xf864d399, L:/127.0.0.1:63939 - R:localhost/127.0.0.1:59242]' for 'POST' to 'http://localhost:59242/session/067fb0df5f021f17fb59c8f7a2da734f/elements'
23:18:25.545 [Forwarding findElements on session 067fb0df5f021f17fb59c8f7a2da734f to remote] DEBUG org.asynchttpclient.netty.request.NettyRequestSender - Using open Channel [id: 0xf864d399, L:/127.0.0.1:63939 - R:localhost/127.0.0.1:59242] for POST '/session/067fb0df5f021f17fb59c8f7a2da734f/elements'
23:18:25.561 [AsyncHttpClient-1-2] DEBUG org.asynchttpclient.netty.handler.HttpHandler - 

Request DefaultHttpRequest(decodeResult: success, version: HTTP/1.1)
POST /session/067fb0df5f021f17fb59c8f7a2da734f/elements HTTP/1.1
User-Agent: selenium/4.1.2 (java windows)
Content-Length: 102
Content-Type: application/json; charset=utf-8
host: localhost:59242
accept: */*

Response DefaultHttpResponse(decodeResult: success, version: HTTP/1.1)
HTTP/1.1 200 OK
Content-Type: application/json; charset=utf-8
cache-control: no-cache
content-length: 3803

23:18:25.562 [AsyncHttpClient-1-2] DEBUG org.asynchttpclient.netty.channel.ChannelManager - Adding key: http://localhost:59242 for channel [id: 0xf864d399, L:/127.0.0.1:63939 - R:localhost/127.0.0.1:59242]
23:18:25.568 [Forwarding getElementText on session 067fb0df5f021f17fb59c8f7a2da734f to remote] DEBUG org.asynchttpclient.netty.request.NettyRequestSender - Using pooled Channel '[id: 0xf864d399, L:/127.0.0.1:63939 - R:localhost/127.0.0.1:59242]' for 'GET' to 'http://localhost:59242/session/067fb0df5f021f17fb59c8f7a2da734f/element/9988b49c-7afe-4b9a-8f94-22bbeb2b3f62/text'
23:18:25.569 [Forwarding getElementText on session 067fb0df5f021f17fb59c8f7a2da734f to remote] DEBUG org.asynchttpclient.netty.request.NettyRequestSender - Using open Channel [id: 0xf864d399, L:/127.0.0.1:63939 - R:localhost/127.0.0.1:59242] for GET '/session/067fb0df5f021f17fb59c8f7a2da734f/element/9988b49c-7afe-4b9a-8f94-22bbeb2b3f62/text'
23:18:25.587 [AsyncHttpClient-1-2] DEBUG org.asynchttpclient.netty.handler.HttpHandler - 

Request DefaultFullHttpRequest(decodeResult: success, version: HTTP/1.1, content: EmptyByteBufBE)
GET /session/067fb0df5f021f17fb59c8f7a2da734f/element/9988b49c-7afe-4b9a-8f94-22bbeb2b3f62/text HTTP/1.1
User-Agent: selenium/4.1.2 (java windows)
Cache-Control: no-cache
Content-Type: application/json; charset=utf-8
host: localhost:59242
accept: */*

Response DefaultHttpResponse(decodeResult: success, version: HTTP/1.1)
HTTP/1.1 200 OK
Content-Type: application/json; charset=utf-8
cache-control: no-cache
content-length: 45

23:18:25.587 [AsyncHttpClient-1-2] DEBUG org.asynchttpclient.netty.channel.ChannelManager - Adding key: http://localhost:59242 for channel [id: 0xf864d399, L:/127.0.0.1:63939 - R:localhost/127.0.0.1:59242]
23:18:25.590 [Forwarding findElements on session 067fb0df5f021f17fb59c8f7a2da734f to remote] DEBUG org.asynchttpclient.netty.request.NettyRequestSender - Using pooled Channel '[id: 0xf864d399, L:/127.0.0.1:63939 - R:localhost/127.0.0.1:59242]' for 'POST' to 'http://localhost:59242/session/067fb0df5f021f17fb59c8f7a2da734f/elements'
23:18:25.590 [Forwarding findElements on session 067fb0df5f021f17fb59c8f7a2da734f to remote] DEBUG org.asynchttpclient.netty.request.NettyRequestSender - Using open Channel [id: 0xf864d399, L:/127.0.0.1:63939 - R:localhost/127.0.0.1:59242] for POST '/session/067fb0df5f021f17fb59c8f7a2da734f/elements'
23:18:25.604 [AsyncHttpClient-1-2] DEBUG org.asynchttpclient.netty.handler.HttpHandler - 

Request DefaultHttpRequest(decodeResult: success, version: HTTP/1.1)
POST /session/067fb0df5f021f17fb59c8f7a2da734f/elements HTTP/1.1
User-Agent: selenium/4.1.2 (java windows)
Content-Length: 102
Content-Type: application/json; charset=utf-8
host: localhost:59242
accept: */*

Response DefaultHttpResponse(decodeResult: success, version: HTTP/1.1)
HTTP/1.1 200 OK
Content-Type: application/json; charset=utf-8
cache-control: no-cache
content-length: 3803

23:18:25.604 [AsyncHttpClient-1-2] DEBUG org.asynchttpclient.netty.channel.ChannelManager - Adding key: http://localhost:59242 for channel [id: 0xf864d399, L:/127.0.0.1:63939 - R:localhost/127.0.0.1:59242]
23:18:25.611 [Forwarding findElements on session 067fb0df5f021f17fb59c8f7a2da734f to remote] DEBUG org.asynchttpclient.netty.request.NettyRequestSender - Using pooled Channel '[id: 0xf864d399, L:/127.0.0.1:63939 - R:localhost/127.0.0.1:59242]' for 'POST' to 'http://localhost:59242/session/067fb0df5f021f17fb59c8f7a2da734f/elements'
23:18:25.611 [Forwarding findElements on session 067fb0df5f021f17fb59c8f7a2da734f to remote] DEBUG org.asynchttpclient.netty.request.NettyRequestSender - Using open Channel [id: 0xf864d399, L:/127.0.0.1:63939 - R:localhost/127.0.0.1:59242] for POST '/session/067fb0df5f021f17fb59c8f7a2da734f/elements'
23:18:25.627 [AsyncHttpClient-1-1] DEBUG org.asynchttpclient.netty.channel.DefaultChannelPool - Entry count for : http://localhost:63940 : 1
23:18:25.645 [AsyncHttpClient-1-2] DEBUG org.asynchttpclient.netty.handler.HttpHandler - 

Request DefaultHttpRequest(decodeResult: success, version: HTTP/1.1)
POST /session/067fb0df5f021f17fb59c8f7a2da734f/elements HTTP/1.1
User-Agent: selenium/4.1.2 (java windows)
Content-Length: 102
Content-Type: application/json; charset=utf-8
host: localhost:59242
accept: */*

Response DefaultHttpResponse(decodeResult: success, version: HTTP/1.1)
HTTP/1.1 200 OK
Content-Type: application/json; charset=utf-8
cache-control: no-cache
content-length: 3803

23:18:25.646 [AsyncHttpClient-1-2] DEBUG org.asynchttpclient.netty.channel.ChannelManager - Adding key: http://localhost:59242 for channel [id: 0xf864d399, L:/127.0.0.1:63939 - R:localhost/127.0.0.1:59242]
23:18:25.651 [Forwarding getElementText on session 067fb0df5f021f17fb59c8f7a2da734f to remote] DEBUG org.asynchttpclient.netty.request.NettyRequestSender - Using pooled Channel '[id: 0xf864d399, L:/127.0.0.1:63939 - R:localhost/127.0.0.1:59242]' for 'GET' to 'http://localhost:59242/session/067fb0df5f021f17fb59c8f7a2da734f/element/59948355-7c52-4490-abf1-85b7972870c8/text'
23:18:25.652 [Forwarding getElementText on session 067fb0df5f021f17fb59c8f7a2da734f to remote] DEBUG org.asynchttpclient.netty.request.NettyRequestSender - Using open Channel [id: 0xf864d399, L:/127.0.0.1:63939 - R:localhost/127.0.0.1:59242] for GET '/session/067fb0df5f021f17fb59c8f7a2da734f/element/59948355-7c52-4490-abf1-85b7972870c8/text'
23:18:25.667 [AsyncHttpClient-1-2] DEBUG org.asynchttpclient.netty.handler.HttpHandler - 

Request DefaultFullHttpRequest(decodeResult: success, version: HTTP/1.1, content: EmptyByteBufBE)
GET /session/067fb0df5f021f17fb59c8f7a2da734f/element/59948355-7c52-4490-abf1-85b7972870c8/text HTTP/1.1
User-Agent: selenium/4.1.2 (java windows)
Cache-Control: no-cache
Content-Type: application/json; charset=utf-8
host: localhost:59242
accept: */*

Response DefaultHttpResponse(decodeResult: success, version: HTTP/1.1)
HTTP/1.1 200 OK
Content-Type: application/json; charset=utf-8
cache-control: no-cache
content-length: 60

23:18:25.668 [AsyncHttpClient-1-2] DEBUG org.asynchttpclient.netty.channel.ChannelManager - Adding key: http://localhost:59242 for channel [id: 0xf864d399, L:/127.0.0.1:63939 - R:localhost/127.0.0.1:59242]
23:18:25.670 [Forwarding findElements on session 067fb0df5f021f17fb59c8f7a2da734f to remote] DEBUG org.asynchttpclient.netty.request.NettyRequestSender - Using pooled Channel '[id: 0xf864d399, L:/127.0.0.1:63939 - R:localhost/127.0.0.1:59242]' for 'POST' to 'http://localhost:59242/session/067fb0df5f021f17fb59c8f7a2da734f/elements'
23:18:25.670 [Forwarding findElements on session 067fb0df5f021f17fb59c8f7a2da734f to remote] DEBUG org.asynchttpclient.netty.request.NettyRequestSender - Using open Channel [id: 0xf864d399, L:/127.0.0.1:63939 - R:localhost/127.0.0.1:59242] for POST '/session/067fb0df5f021f17fb59c8f7a2da734f/elements'
23:18:25.684 [AsyncHttpClient-1-2] DEBUG org.asynchttpclient.netty.handler.HttpHandler - 

Request DefaultHttpRequest(decodeResult: success, version: HTTP/1.1)
POST /session/067fb0df5f021f17fb59c8f7a2da734f/elements HTTP/1.1
User-Agent: selenium/4.1.2 (java windows)
Content-Length: 102
Content-Type: application/json; charset=utf-8
host: localhost:59242
accept: */*

Response DefaultHttpResponse(decodeResult: success, version: HTTP/1.1)
HTTP/1.1 200 OK
Content-Type: application/json; charset=utf-8
cache-control: no-cache
content-length: 3803

23:18:25.684 [AsyncHttpClient-1-2] DEBUG org.asynchttpclient.netty.channel.ChannelManager - Adding key: http://localhost:59242 for channel [id: 0xf864d399, L:/127.0.0.1:63939 - R:localhost/127.0.0.1:59242]
23:18:25.688 [Forwarding findElements on session 067fb0df5f021f17fb59c8f7a2da734f to remote] DEBUG org.asynchttpclient.netty.request.NettyRequestSender - Using pooled Channel '[id: 0xf864d399, L:/127.0.0.1:63939 - R:localhost/127.0.0.1:59242]' for 'POST' to 'http://localhost:59242/session/067fb0df5f021f17fb59c8f7a2da734f/elements'
23:18:25.689 [Forwarding findElements on session 067fb0df5f021f17fb59c8f7a2da734f to remote] DEBUG org.asynchttpclient.netty.request.NettyRequestSender - Using open Channel [id: 0xf864d399, L:/127.0.0.1:63939 - R:localhost/127.0.0.1:59242] for POST '/session/067fb0df5f021f17fb59c8f7a2da734f/elements'
23:18:25.699 [AsyncHttpClient-1-2] DEBUG org.asynchttpclient.netty.handler.HttpHandler - 

Request DefaultHttpRequest(decodeResult: success, version: HTTP/1.1)
POST /session/067fb0df5f021f17fb59c8f7a2da734f/elements HTTP/1.1
User-Agent: selenium/4.1.2 (java windows)
Content-Length: 102
Content-Type: application/json; charset=utf-8
host: localhost:59242
accept: */*

Response DefaultHttpResponse(decodeResult: success, version: HTTP/1.1)
HTTP/1.1 200 OK
Content-Type: application/json; charset=utf-8
cache-control: no-cache
content-length: 3803

23:18:25.700 [AsyncHttpClient-1-2] DEBUG org.asynchttpclient.netty.channel.ChannelManager - Adding key: http://localhost:59242 for channel [id: 0xf864d399, L:/127.0.0.1:63939 - R:localhost/127.0.0.1:59242]
23:18:25.704 [Forwarding getElementText on session 067fb0df5f021f17fb59c8f7a2da734f to remote] DEBUG org.asynchttpclient.netty.request.NettyRequestSender - Using pooled Channel '[id: 0xf864d399, L:/127.0.0.1:63939 - R:localhost/127.0.0.1:59242]' for 'GET' to 'http://localhost:59242/session/067fb0df5f021f17fb59c8f7a2da734f/element/f67216d5-d08b-401e-b60a-50e4256a84e8/text'
23:18:25.704 [Forwarding getElementText on session 067fb0df5f021f17fb59c8f7a2da734f to remote] DEBUG org.asynchttpclient.netty.request.NettyRequestSender - Using open Channel [id: 0xf864d399, L:/127.0.0.1:63939 - R:localhost/127.0.0.1:59242] for GET '/session/067fb0df5f021f17fb59c8f7a2da734f/element/f67216d5-d08b-401e-b60a-50e4256a84e8/text'
23:18:25.724 [AsyncHttpClient-1-2] DEBUG org.asynchttpclient.netty.handler.HttpHandler - 

Request DefaultFullHttpRequest(decodeResult: success, version: HTTP/1.1, content: EmptyByteBufBE)
GET /session/067fb0df5f021f17fb59c8f7a2da734f/element/f67216d5-d08b-401e-b60a-50e4256a84e8/text HTTP/1.1
User-Agent: selenium/4.1.2 (java windows)
Cache-Control: no-cache
Content-Type: application/json; charset=utf-8
host: localhost:59242
accept: */*

Response DefaultHttpResponse(decodeResult: success, version: HTTP/1.1)
HTTP/1.1 200 OK
Content-Type: application/json; charset=utf-8
cache-control: no-cache
content-length: 68

23:18:25.725 [AsyncHttpClient-1-2] DEBUG org.asynchttpclient.netty.channel.ChannelManager - Adding key: http://localhost:59242 for channel [id: 0xf864d399, L:/127.0.0.1:63939 - R:localhost/127.0.0.1:59242]
23:18:25.727 [Forwarding findElements on session 067fb0df5f021f17fb59c8f7a2da734f to remote] DEBUG org.asynchttpclient.netty.request.NettyRequestSender - Using pooled Channel '[id: 0xf864d399, L:/127.0.0.1:63939 - R:localhost/127.0.0.1:59242]' for 'POST' to 'http://localhost:59242/session/067fb0df5f021f17fb59c8f7a2da734f/elements'
[...]
23:18:29.606 [Forwarding getElementText on session 067fb0df5f021f17fb59c8f7a2da734f to remote] DEBUG org.asynchttpclient.netty.request.NettyRequestSender - Using open Channel [id: 0xf864d399, L:/127.0.0.1:63939 - R:localhost/127.0.0.1:59242] for GET '/session/067fb0df5f021f17fb59c8f7a2da734f/element/3729c24f-e6ec-41a3-9da9-9e69f4ec471e/text'
23:18:29.616 [AsyncHttpClient-1-2] DEBUG org.asynchttpclient.netty.handler.HttpHandler - 

Request DefaultFullHttpRequest(decodeResult: success, version: HTTP/1.1, content: EmptyByteBufBE)
GET /session/067fb0df5f021f17fb59c8f7a2da734f/element/3729c24f-e6ec-41a3-9da9-9e69f4ec471e/text HTTP/1.1
User-Agent: selenium/4.1.2 (java windows)
Cache-Control: no-cache
Content-Type: application/json; charset=utf-8
host: localhost:59242
accept: */*

Response DefaultHttpResponse(decodeResult: success, version: HTTP/1.1)
HTTP/1.1 200 OK
Content-Type: application/json; charset=utf-8
cache-control: no-cache
content-length: 62

23:18:29.619 [AsyncHttpClient-1-2] DEBUG org.asynchttpclient.netty.channel.ChannelManager - Adding key: http://localhost:59242 for channel [id: 0xf864d399, L:/127.0.0.1:63939 - R:localhost/127.0.0.1:59242]
23:18:29.621 [Forwarding findElements on session 067fb0df5f021f17fb59c8f7a2da734f to remote] DEBUG org.asynchttpclient.netty.request.NettyRequestSender - Using pooled Channel '[id: 0xf864d399, L:/127.0.0.1:63939 - R:localhost/127.0.0.1:59242]' for 'POST' to 'http://localhost:59242/session/067fb0df5f021f17fb59c8f7a2da734f/elements'
23:18:29.621 [Forwarding findElements on session 067fb0df5f021f17fb59c8f7a2da734f to remote] DEBUG org.asynchttpclient.netty.request.NettyRequestSender - Using open Channel [id: 0xf864d399, L:/127.0.0.1:63939 - R:localhost/127.0.0.1:59242] for POST '/session/067fb0df5f021f17fb59c8f7a2da734f/elements'
23:18:29.632 [AsyncHttpClient-1-2] DEBUG org.asynchttpclient.netty.handler.HttpHandler - 

Request DefaultHttpRequest(decodeResult: success, version: HTTP/1.1)
POST /session/067fb0df5f021f17fb59c8f7a2da734f/elements HTTP/1.1
User-Agent: selenium/4.1.2 (java windows)
Content-Length: 102
Content-Type: application/json; charset=utf-8
host: localhost:59242
accept: */*

Response DefaultHttpResponse(decodeResult: success, version: HTTP/1.1)
HTTP/1.1 200 OK
Content-Type: application/json; charset=utf-8
cache-control: no-cache
content-length: 3803

23:18:29.632 [AsyncHttpClient-1-2] DEBUG org.asynchttpclient.netty.channel.ChannelManager - Adding key: http://localhost:59242 for channel [id: 0xf864d399, L:/127.0.0.1:63939 - R:localhost/127.0.0.1:59242]
23:18:29.635 [Forwarding findElements on session 067fb0df5f021f17fb59c8f7a2da734f to remote] DEBUG org.asynchttpclient.netty.request.NettyRequestSender - Using pooled Channel '[id: 0xf864d399, L:/127.0.0.1:63939 - R:localhost/127.0.0.1:59242]' for 'POST' to 'http://localhost:59242/session/067fb0df5f021f17fb59c8f7a2da734f/elements'
23:18:29.635 [Forwarding findElements on session 067fb0df5f021f17fb59c8f7a2da734f to remote] DEBUG org.asynchttpclient.netty.request.NettyRequestSender - Using open Channel [id: 0xf864d399, L:/127.0.0.1:63939 - R:localhost/127.0.0.1:59242] for POST '/session/067fb0df5f021f17fb59c8f7a2da734f/elements'
23:18:29.646 [AsyncHttpClient-1-2] DEBUG org.asynchttpclient.netty.handler.HttpHandler - 

Request DefaultHttpRequest(decodeResult: success, version: HTTP/1.1)
POST /session/067fb0df5f021f17fb59c8f7a2da734f/elements HTTP/1.1
User-Agent: selenium/4.1.2 (java windows)
Content-Length: 102
Content-Type: application/json; charset=utf-8
host: localhost:59242
accept: */*

Response DefaultHttpResponse(decodeResult: success, version: HTTP/1.1)
HTTP/1.1 200 OK
Content-Type: application/json; charset=utf-8
cache-control: no-cache
content-length: 3803

23:18:29.646 [AsyncHttpClient-1-2] DEBUG org.asynchttpclient.netty.channel.ChannelManager - Adding key: http://localhost:59242 for channel [id: 0xf864d399, L:/127.0.0.1:63939 - R:localhost/127.0.0.1:59242]
23:18:29.648 [Forwarding getElementText on session 067fb0df5f021f17fb59c8f7a2da734f to remote] DEBUG org.asynchttpclient.netty.request.NettyRequestSender - Using pooled Channel '[id: 0xf864d399, L:/127.0.0.1:63939 - R:localhost/127.0.0.1:59242]' for 'GET' to 'http://localhost:59242/session/067fb0df5f021f17fb59c8f7a2da734f/element/82c9a492-542b-45c4-9f0f-6103e360341c/text'
23:18:29.649 [Forwarding getElementText on session 067fb0df5f021f17fb59c8f7a2da734f to remote] DEBUG org.asynchttpclient.netty.request.NettyRequestSender - Using open Channel [id: 0xf864d399, L:/127.0.0.1:63939 - R:localhost/127.0.0.1:59242] for GET '/session/067fb0df5f021f17fb59c8f7a2da734f/element/82c9a492-542b-45c4-9f0f-6103e360341c/text'
23:18:29.658 [AsyncHttpClient-1-2] DEBUG org.asynchttpclient.netty.handler.HttpHandler - 

Request DefaultFullHttpRequest(decodeResult: success, version: HTTP/1.1, content: EmptyByteBufBE)
GET /session/067fb0df5f021f17fb59c8f7a2da734f/element/82c9a492-542b-45c4-9f0f-6103e360341c/text HTTP/1.1
User-Agent: selenium/4.1.2 (java windows)
Cache-Control: no-cache
Content-Type: application/json; charset=utf-8
host: localhost:59242
accept: */*

Response DefaultHttpResponse(decodeResult: success, version: HTTP/1.1)
HTTP/1.1 200 OK
Content-Type: application/json; charset=utf-8
cache-control: no-cache
content-length: 64

23:18:29.658 [AsyncHttpClient-1-2] DEBUG org.asynchttpclient.netty.channel.ChannelManager - Adding key: http://localhost:59242 for channel [id: 0xf864d399, L:/127.0.0.1:63939 - R:localhost/127.0.0.1:59242]
23:18:29.659 [Forwarding findElements on session 067fb0df5f021f17fb59c8f7a2da734f to remote] DEBUG org.asynchttpclient.netty.request.NettyRequestSender - Using pooled Channel '[id: 0xf864d399, L:/127.0.0.1:63939 - R:localhost/127.0.0.1:59242]' for 'POST' to 'http://localhost:59242/session/067fb0df5f021f17fb59c8f7a2da734f/elements'
23:18:29.659 [Forwarding findElements on session 067fb0df5f021f17fb59c8f7a2da734f to remote] DEBUG org.asynchttpclient.netty.request.NettyRequestSender - Using open Channel [id: 0xf864d399, L:/127.0.0.1:63939 - R:localhost/127.0.0.1:59242] for POST '/session/067fb0df5f021f17fb59c8f7a2da734f/elements'
23:18:29.670 [AsyncHttpClient-1-2] DEBUG org.asynchttpclient.netty.handler.HttpHandler - 

Request DefaultHttpRequest(decodeResult: success, version: HTTP/1.1)
POST /session/067fb0df5f021f17fb59c8f7a2da734f/elements HTTP/1.1
User-Agent: selenium/4.1.2 (java windows)
Content-Length: 102
Content-Type: application/json; charset=utf-8
host: localhost:59242
accept: */*

Response DefaultHttpResponse(decodeResult: success, version: HTTP/1.1)
HTTP/1.1 200 OK
Content-Type: application/json; charset=utf-8
cache-control: no-cache
content-length: 3803

23:18:29.671 [AsyncHttpClient-1-2] DEBUG org.asynchttpclient.netty.channel.ChannelManager - Adding key: http://localhost:59242 for channel [id: 0xf864d399, L:/127.0.0.1:63939 - R:localhost/127.0.0.1:59242]
23:18:29.673 [Forwarding findElements on session 067fb0df5f021f17fb59c8f7a2da734f to remote] DEBUG org.asynchttpclient.netty.request.NettyRequestSender - Using pooled Channel '[id: 0xf864d399, L:/127.0.0.1:63939 - R:localhost/127.0.0.1:59242]' for 'POST' to 'http://localhost:59242/session/067fb0df5f021f17fb59c8f7a2da734f/elements'
23:18:29.673 [Forwarding findElements on session 067fb0df5f021f17fb59c8f7a2da734f to remote] DEBUG org.asynchttpclient.netty.request.NettyRequestSender - Using open Channel [id: 0xf864d399, L:/127.0.0.1:63939 - R:localhost/127.0.0.1:59242] for POST '/session/067fb0df5f021f17fb59c8f7a2da734f/elements'
23:18:29.682 [AsyncHttpClient-1-2] DEBUG org.asynchttpclient.netty.handler.HttpHandler - 

Request DefaultHttpRequest(decodeResult: success, version: HTTP/1.1)
POST /session/067fb0df5f021f17fb59c8f7a2da734f/elements HTTP/1.1
User-Agent: selenium/4.1.2 (java windows)
Content-Length: 102
Content-Type: application/json; charset=utf-8
host: localhost:59242
accept: */*

Response DefaultHttpResponse(decodeResult: success, version: HTTP/1.1)
HTTP/1.1 200 OK
Content-Type: application/json; charset=utf-8
cache-control: no-cache
content-length: 3803

23:18:29.682 [AsyncHttpClient-1-2] DEBUG org.asynchttpclient.netty.channel.ChannelManager - Adding key: http://localhost:59242 for channel [id: 0xf864d399, L:/127.0.0.1:63939 - R:localhost/127.0.0.1:59242]
23:18:29.684 [Forwarding getElementText on session 067fb0df5f021f17fb59c8f7a2da734f to remote] DEBUG org.asynchttpclient.netty.request.NettyRequestSender - Using pooled Channel '[id: 0xf864d399, L:/127.0.0.1:63939 - R:localhost/127.0.0.1:59242]' for 'GET' to 'http://localhost:59242/session/067fb0df5f021f17fb59c8f7a2da734f/element/3d2563e2-3cbb-477e-bb60-0134f893eea1/text'
23:18:29.684 [Forwarding getElementText on session 067fb0df5f021f17fb59c8f7a2da734f to remote] DEBUG org.asynchttpclient.netty.request.NettyRequestSender - Using open Channel [id: 0xf864d399, L:/127.0.0.1:63939 - R:localhost/127.0.0.1:59242] for GET '/session/067fb0df5f021f17fb59c8f7a2da734f/element/3d2563e2-3cbb-477e-bb60-0134f893eea1/text'
23:18:29.693 [AsyncHttpClient-1-2] DEBUG org.asynchttpclient.netty.handler.HttpHandler - 

Request DefaultFullHttpRequest(decodeResult: success, version: HTTP/1.1, content: EmptyByteBufBE)
GET /session/067fb0df5f021f17fb59c8f7a2da734f/element/3d2563e2-3cbb-477e-bb60-0134f893eea1/text HTTP/1.1
User-Agent: selenium/4.1.2 (java windows)
Cache-Control: no-cache
Content-Type: application/json; charset=utf-8
host: localhost:59242
accept: */*

Response DefaultHttpResponse(decodeResult: success, version: HTTP/1.1)
HTTP/1.1 200 OK
Content-Type: application/json; charset=utf-8
cache-control: no-cache
content-length: 63

23:18:29.693 [AsyncHttpClient-1-2] DEBUG org.asynchttpclient.netty.channel.ChannelManager - Adding key: http://localhost:59242 for channel [id: 0xf864d399, L:/127.0.0.1:63939 - R:localhost/127.0.0.1:59242]
23:18:29.694 [Forwarding findElements on session 067fb0df5f021f17fb59c8f7a2da734f to remote] DEBUG org.asynchttpclient.netty.request.NettyRequestSender - Using pooled Channel '[id: 0xf864d399, L:/127.0.0.1:63939 - R:localhost/127.0.0.1:59242]' for 'POST' to 'http://localhost:59242/session/067fb0df5f021f17fb59c8f7a2da734f/elements'
23:18:29.694 [Forwarding findElements on session 067fb0df5f021f17fb59c8f7a2da734f to remote] DEBUG org.asynchttpclient.netty.request.NettyRequestSender - Using open Channel [id: 0xf864d399, L:/127.0.0.1:63939 - R:localhost/127.0.0.1:59242] for POST '/session/067fb0df5f021f17fb59c8f7a2da734f/elements'
23:18:29.704 [AsyncHttpClient-1-2] DEBUG org.asynchttpclient.netty.handler.HttpHandler - 

Request DefaultHttpRequest(decodeResult: success, version: HTTP/1.1)
POST /session/067fb0df5f021f17fb59c8f7a2da734f/elements HTTP/1.1
User-Agent: selenium/4.1.2 (java windows)
Content-Length: 102
Content-Type: application/json; charset=utf-8
host: localhost:59242
accept: */*

Response DefaultHttpResponse(decodeResult: success, version: HTTP/1.1)
HTTP/1.1 200 OK
Content-Type: application/json; charset=utf-8
cache-control: no-cache
content-length: 3803

23:18:29.704 [AsyncHttpClient-1-2] DEBUG org.asynchttpclient.netty.channel.ChannelManager - Adding key: http://localhost:59242 for channel [id: 0xf864d399, L:/127.0.0.1:63939 - R:localhost/127.0.0.1:59242]
23:18:29.706 [Forwarding findElements on session 067fb0df5f021f17fb59c8f7a2da734f to remote] DEBUG org.asynchttpclient.netty.request.NettyRequestSender - Using pooled Channel '[id: 0xf864d399, L:/127.0.0.1:63939 - R:localhost/127.0.0.1:59242]' for 'POST' to 'http://localhost:59242/session/067fb0df5f021f17fb59c8f7a2da734f/elements'
23:18:29.706 [Forwarding findElements on session 067fb0df5f021f17fb59c8f7a2da734f to remote] DEBUG org.asynchttpclient.netty.request.NettyRequestSender - Using open Channel [id: 0xf864d399, L:/127.0.0.1:63939 - R:localhost/127.0.0.1:59242] for POST '/session/067fb0df5f021f17fb59c8f7a2da734f/elements'
23:18:29.716 [AsyncHttpClient-1-2] DEBUG org.asynchttpclient.netty.handler.HttpHandler - 

Request DefaultHttpRequest(decodeResult: success, version: HTTP/1.1)
POST /session/067fb0df5f021f17fb59c8f7a2da734f/elements HTTP/1.1
User-Agent: selenium/4.1.2 (java windows)
Content-Length: 102
Content-Type: application/json; charset=utf-8
host: localhost:59242
accept: */*

Response DefaultHttpResponse(decodeResult: success, version: HTTP/1.1)
HTTP/1.1 200 OK
Content-Type: application/json; charset=utf-8
cache-control: no-cache
content-length: 3803

23:18:29.716 [AsyncHttpClient-1-2] DEBUG org.asynchttpclient.netty.channel.ChannelManager - Adding key: http://localhost:59242 for channel [id: 0xf864d399, L:/127.0.0.1:63939 - R:localhost/127.0.0.1:59242]
23:18:29.718 [Forwarding getElementText on session 067fb0df5f021f17fb59c8f7a2da734f to remote] DEBUG org.asynchttpclient.netty.request.NettyRequestSender - Using pooled Channel '[id: 0xf864d399, L:/127.0.0.1:63939 - R:localhost/127.0.0.1:59242]' for 'GET' to 'http://localhost:59242/session/067fb0df5f021f17fb59c8f7a2da734f/element/03c04caf-efdf-40e1-b9c8-3a9855f9b928/text'
23:18:29.718 [Forwarding getElementText on session 067fb0df5f021f17fb59c8f7a2da734f to remote] DEBUG org.asynchttpclient.netty.request.NettyRequestSender - Using open Channel [id: 0xf864d399, L:/127.0.0.1:63939 - R:localhost/127.0.0.1:59242] for GET '/session/067fb0df5f021f17fb59c8f7a2da734f/element/03c04caf-efdf-40e1-b9c8-3a9855f9b928/text'
23:18:29.725 [AsyncHttpClient-1-2] DEBUG org.asynchttpclient.netty.handler.HttpHandler - 

Request DefaultFullHttpRequest(decodeResult: success, version: HTTP/1.1, content: EmptyByteBufBE)
GET /session/067fb0df5f021f17fb59c8f7a2da734f/element/03c04caf-efdf-40e1-b9c8-3a9855f9b928/text HTTP/1.1
User-Agent: selenium/4.1.2 (java windows)
Cache-Control: no-cache
Content-Type: application/json; charset=utf-8
host: localhost:59242
accept: */*

Response DefaultHttpResponse(decodeResult: success, version: HTTP/1.1)
HTTP/1.1 200 OK
Content-Type: application/json; charset=utf-8
cache-control: no-cache
content-length: 65

23:18:29.725 [AsyncHttpClient-1-2] DEBUG org.asynchttpclient.netty.channel.ChannelManager - Adding key: http://localhost:59242 for channel [id: 0xf864d399, L:/127.0.0.1:63939 - R:localhost/127.0.0.1:59242]
23:18:29.727 [Forwarding findElements on session 067fb0df5f021f17fb59c8f7a2da734f to remote] DEBUG org.asynchttpclient.netty.request.NettyRequestSender - Using pooled Channel '[id: 0xf864d399, L:/127.0.0.1:63939 - R:localhost/127.0.0.1:59242]' for 'POST' to 'http://localhost:59242/session/067fb0df5f021f17fb59c8f7a2da734f/elements'
23:18:29.727 [Forwarding findElements on session 067fb0df5f021f17fb59c8f7a2da734f to remote] DEBUG org.asynchttpclient.netty.request.NettyRequestSender - Using open Channel [id: 0xf864d399, L:/127.0.0.1:63939 - R:localhost/127.0.0.1:59242] for POST '/session/067fb0df5f021f17fb59c8f7a2da734f/elements'
23:18:29.736 [AsyncHttpClient-1-2] DEBUG org.asynchttpclient.netty.handler.HttpHandler - 

Request DefaultHttpRequest(decodeResult: success, version: HTTP/1.1)
POST /session/067fb0df5f021f17fb59c8f7a2da734f/elements HTTP/1.1
User-Agent: selenium/4.1.2 (java windows)
Content-Length: 102
Content-Type: application/json; charset=utf-8
host: localhost:59242
accept: */*

Response DefaultHttpResponse(decodeResult: success, version: HTTP/1.1)
HTTP/1.1 200 OK
Content-Type: application/json; charset=utf-8
cache-control: no-cache
content-length: 3803

23:18:29.737 [AsyncHttpClient-1-2] DEBUG org.asynchttpclient.netty.channel.ChannelManager - Adding key: http://localhost:59242 for channel [id: 0xf864d399, L:/127.0.0.1:63939 - R:localhost/127.0.0.1:59242]
23:18:29.739 [Forwarding findElements on session 067fb0df5f021f17fb59c8f7a2da734f to remote] DEBUG org.asynchttpclient.netty.request.NettyRequestSender - Using pooled Channel '[id: 0xf864d399, L:/127.0.0.1:63939 - R:localhost/127.0.0.1:59242]' for 'POST' to 'http://localhost:59242/session/067fb0df5f021f17fb59c8f7a2da734f/elements'
23:18:29.739 [Forwarding findElements on session 067fb0df5f021f17fb59c8f7a2da734f to remote] DEBUG org.asynchttpclient.netty.request.NettyRequestSender - Using open Channel [id: 0xf864d399, L:/127.0.0.1:63939 - R:localhost/127.0.0.1:59242] for POST '/session/067fb0df5f021f17fb59c8f7a2da734f/elements'
23:18:29.749 [AsyncHttpClient-1-2] DEBUG org.asynchttpclient.netty.handler.HttpHandler - 

Request DefaultHttpRequest(decodeResult: success, version: HTTP/1.1)
POST /session/067fb0df5f021f17fb59c8f7a2da734f/elements HTTP/1.1
User-Agent: selenium/4.1.2 (java windows)
Content-Length: 102
Content-Type: application/json; charset=utf-8
host: localhost:59242
accept: */*

Response DefaultHttpResponse(decodeResult: success, version: HTTP/1.1)
HTTP/1.1 200 OK
Content-Type: application/json; charset=utf-8
cache-control: no-cache
content-length: 3803

23:18:29.749 [AsyncHttpClient-1-2] DEBUG org.asynchttpclient.netty.channel.ChannelManager - Adding key: http://localhost:59242 for channel [id: 0xf864d399, L:/127.0.0.1:63939 - R:localhost/127.0.0.1:59242]
23:18:29.752 [Forwarding getElementText on session 067fb0df5f021f17fb59c8f7a2da734f to remote] DEBUG org.asynchttpclient.netty.request.NettyRequestSender - Using pooled Channel '[id: 0xf864d399, L:/127.0.0.1:63939 - R:localhost/127.0.0.1:59242]' for 'GET' to 'http://localhost:59242/session/067fb0df5f021f17fb59c8f7a2da734f/element/73fe6a30-40ae-4529-bb94-12a57e446d8e/text'
23:18:29.752 [Forwarding getElementText on session 067fb0df5f021f17fb59c8f7a2da734f to remote] DEBUG org.asynchttpclient.netty.request.NettyRequestSender - Using open Channel [id: 0xf864d399, L:/127.0.0.1:63939 - R:localhost/127.0.0.1:59242] for GET '/session/067fb0df5f021f17fb59c8f7a2da734f/element/73fe6a30-40ae-4529-bb94-12a57e446d8e/text'
23:18:29.760 [AsyncHttpClient-1-2] DEBUG org.asynchttpclient.netty.handler.HttpHandler - 

Request DefaultFullHttpRequest(decodeResult: success, version: HTTP/1.1, content: EmptyByteBufBE)
GET /session/067fb0df5f021f17fb59c8f7a2da734f/element/73fe6a30-40ae-4529-bb94-12a57e446d8e/text HTTP/1.1
User-Agent: selenium/4.1.2 (java windows)
Cache-Control: no-cache
Content-Type: application/json; charset=utf-8
host: localhost:59242
accept: */*

Response DefaultHttpResponse(decodeResult: success, version: HTTP/1.1)
HTTP/1.1 200 OK
Content-Type: application/json; charset=utf-8
cache-control: no-cache
content-length: 61

23:18:29.760 [AsyncHttpClient-1-2] DEBUG org.asynchttpclient.netty.channel.ChannelManager - Adding key: http://localhost:59242 for channel [id: 0xf864d399, L:/127.0.0.1:63939 - R:localhost/127.0.0.1:59242]
23:18:29.761 [Forwarding findElements on session 067fb0df5f021f17fb59c8f7a2da734f to remote] DEBUG org.asynchttpclient.netty.request.NettyRequestSender - Using pooled Channel '[id: 0xf864d399, L:/127.0.0.1:63939 - R:localhost/127.0.0.1:59242]' for 'POST' to 'http://localhost:59242/session/067fb0df5f021f17fb59c8f7a2da734f/elements'
23:18:29.761 [Forwarding findElements on session 067fb0df5f021f17fb59c8f7a2da734f to remote] DEBUG org.asynchttpclient.netty.request.NettyRequestSender - Using open Channel [id: 0xf864d399, L:/127.0.0.1:63939 - R:localhost/127.0.0.1:59242] for POST '/session/067fb0df5f021f17fb59c8f7a2da734f/elements'
23:18:29.772 [AsyncHttpClient-1-2] DEBUG org.asynchttpclient.netty.handler.HttpHandler - 

Request DefaultHttpRequest(decodeResult: success, version: HTTP/1.1)
POST /session/067fb0df5f021f17fb59c8f7a2da734f/elements HTTP/1.1
User-Agent: selenium/4.1.2 (java windows)
Content-Length: 102
Content-Type: application/json; charset=utf-8
host: localhost:59242
accept: */*

Response DefaultHttpResponse(decodeResult: success, version: HTTP/1.1)
HTTP/1.1 200 OK
Content-Type: application/json; charset=utf-8
cache-control: no-cache
content-length: 3803

23:18:29.773 [AsyncHttpClient-1-2] DEBUG org.asynchttpclient.netty.channel.ChannelManager - Adding key: http://localhost:59242 for channel [id: 0xf864d399, L:/127.0.0.1:63939 - R:localhost/127.0.0.1:59242]
]]></system-out>
  </testcase>
</testsuite>