<?xml version="1.0" encoding="UTF-8"?>
<testng-results ignored="0" total="1" passed="0" failed="1" skipped="0">
  <reporter-output>
  </reporter-output>
  <suite started-at="2022-02-13T14:14:39 CST" name="Default suite" finished-at="2022-02-13T14:14:55 CST" duration-ms="15610">
    <groups>
    </groups>
    <test started-at="2022-02-13T14:14:39 CST" name="Default test" finished-at="2022-02-13T14:14:55 CST" duration-ms="15610">
      <class name="Mavenprojects.MAVEN1.tester">
        <test-method is-config="true" signature="launchurl()[pri:0, instance:Mavenprojects.MAVEN1.tester@1ca3b418]" started-at="2022-02-13T14:14:39 CST" name="launchurl" finished-at="2022-02-13T14:14:44 CST" duration-ms="5260" status="PASS">
          <reporter-output>
          </reporter-output>
        </test-method> <!-- launchurl -->
        <test-method signature="clicktesterfood()[pri:0, instance:Mavenprojects.MAVEN1.tester@1ca3b418]" started-at="2022-02-13T14:14:44 CST" name="clicktesterfood" finished-at="2022-02-13T14:14:54 CST" duration-ms="10140" status="FAIL">
          <exception class="java.lang.ClassCastException">
            <message>
              <![CDATA[class org.openqa.selenium.remote.ShadowRoot cannot be cast to class org.openqa.selenium.WebElement (org.openqa.selenium.remote.ShadowRoot and org.openqa.selenium.WebElement are in unnamed module of loader 'app')]]>
            </message>
            <full-stacktrace>
              <![CDATA[java.lang.ClassCastException: class org.openqa.selenium.remote.ShadowRoot cannot be cast to class org.openqa.selenium.WebElement (org.openqa.selenium.remote.ShadowRoot and org.openqa.selenium.WebElement are in unnamed module of loader 'app')
at Mavenprojects.MAVEN1.tester.getShadowRootElement(tester.java:21)
at Mavenprojects.MAVEN1.tester.clicktesterfood(tester.java:47)
at java.base/jdk.internal.reflect.NativeMethodAccessorImpl.invoke0(Native Method)
at java.base/jdk.internal.reflect.NativeMethodAccessorImpl.invoke(NativeMethodAccessorImpl.java:77)
at java.base/jdk.internal.reflect.DelegatingMethodAccessorImpl.invoke(DelegatingMethodAccessorImpl.java:43)
at java.base/java.lang.reflect.Method.invoke(Method.java:568)
at org.testng.internal.MethodInvocationHelper.invokeMethod(MethodInvocationHelper.java:133)
at org.testng.internal.TestInvoker.invokeMethod(TestInvoker.java:598)
at org.testng.internal.TestInvoker.invokeTestMethod(TestInvoker.java:173)
at org.testng.internal.MethodRunner.runInSequence(MethodRunner.java:46)
at org.testng.internal.TestInvoker$MethodInvocationAgent.invoke(TestInvoker.java:824)
at org.testng.internal.TestInvoker.invokeTestMethods(TestInvoker.java:146)
at org.testng.internal.TestMethodWorker.invokeTestMethods(TestMethodWorker.java:146)
at org.testng.internal.TestMethodWorker.run(TestMethodWorker.java:128)
at java.base/java.util.ArrayList.forEach(ArrayList.java:1511)
at org.testng.TestRunner.privateRun(TestRunner.java:794)
at org.testng.TestRunner.run(TestRunner.java:596)
at org.testng.SuiteRunner.runTest(SuiteRunner.java:377)
at org.testng.SuiteRunner.runSequentially(SuiteRunner.java:371)
at org.testng.SuiteRunner.privateRun(SuiteRunner.java:332)
at org.testng.SuiteRunner.run(SuiteRunner.java:276)
at org.testng.SuiteRunnerWorker.runSuite(SuiteRunnerWorker.java:53)
at org.testng.SuiteRunnerWorker.run(SuiteRunnerWorker.java:96)
at org.testng.TestNG.runSuitesSequentially(TestNG.java:1212)
at org.testng.TestNG.runSuitesLocally(TestNG.java:1134)
at org.testng.TestNG.runSuites(TestNG.java:1063)
at org.testng.TestNG.run(TestNG.java:1031)
at org.testng.remote.AbstractRemoteTestNG.run(AbstractRemoteTestNG.java:115)
at org.testng.remote.RemoteTestNG.initAndRun(RemoteTestNG.java:251)
at org.testng.remote.RemoteTestNG.main(RemoteTestNG.java:77)
]]>
            </full-stacktrace>
          </exception> <!-- java.lang.ClassCastException -->
          <reporter-output>
          </reporter-output>
        </test-method> <!-- clicktesterfood -->
        <test-method is-config="true" signature="classclose()[pri:0, instance:Mavenprojects.MAVEN1.tester@1ca3b418]" started-at="2022-02-13T14:14:54 CST" name="classclose" finished-at="2022-02-13T14:14:55 CST" duration-ms="184" status="PASS">
          <reporter-output>
          </reporter-output>
        </test-method> <!-- classclose -->
      </class> <!-- Mavenprojects.MAVEN1.tester -->
    </test> <!-- Default test -->
  </suite> <!-- Default suite -->
</testng-results>
