<?xml version="1.0" encoding="UTF-8"?>
<testng-results ignored="2" total="5" passed="3" failed="0" skipped="0">
  <reporter-output>
    <line>
      <![CDATA[---------------------Ascending Order-----------]]>
    </line>
    <line>
      <![CDATA[Bali 2 Seater Sofa In Velvet Blue Colour]]>
    </line>
    <line>
      <![CDATA[Bali 3 Seater Sofa In Blue Colour]]>
    </line>
    <line>
      <![CDATA[Bali 3 Seater Sofa In Grey Colour]]>
    </line>
    <line>
      <![CDATA[Bali 3 Seater Sofa In Velvet Blue Colour]]>
    </line>
    <line>
      <![CDATA[Bermuda Outdoor Sofa Set In Dark Brown Colour]]>
    </line>
    <line>
      <![CDATA[Bliss 6 Seater LHS Sectional Sofa In Black & Grey Colour]]>
    </line>
    <line>
      <![CDATA[Bliss 6 Seater LHS Sectional Sofa In Grey & Blue Colour]]>
    </line>
    <line>
      <![CDATA[Bliss 6 Seater RHS Sectional Sofa In Black & Grey Colour]]>
    </line>
    <line>
      <![CDATA[Bolt BedSide Table In Wenge Finish]]>
    </line>
    <line>
      <![CDATA[Carter Tv Entertainment Unit In White & Walnut Colour]]>
    </line>
    <line>
      <![CDATA[Comet Ergonomic Chair In Black & White Colour]]>
    </line>
    <line>
      <![CDATA[Dillon Height Adjustable Study Table In Brown Colour]]>
    </line>
    <line>
      <![CDATA[Duke Dining Chair In Butterscotch Colour]]>
    </line>
    <line>
      <![CDATA[Duke Dining Chair In Grey Colour]]>
    </line>
    <line>
      <![CDATA[Edo Sofa Cum Bed In Dark Blue Colour]]>
    </line>
    <line>
      <![CDATA[Edo Sofa Cum Bed In Grey Colour]]>
    </line>
    <line>
      <![CDATA[Fiji Outdoor Sofa Set In White Colour]]>
    </line>
    <line>
      <![CDATA[Ken Sofa Cum Bed In Blue Colour]]>
    </line>
    <line>
      <![CDATA[Ken Sofa Cum Bed In Brown Colour]]>
    </line>
    <line>
      <![CDATA[Ken Sofa Cum Bed In Grey Colour]]>
    </line>
    <line>
      <![CDATA[Ken Sofa Cum Bed In Pink Colour]]>
    </line>
    <line>
      <![CDATA[Luke Single Door Wardrobe In Walnut Colour]]>
    </line>
    <line>
      <![CDATA[Matrix High Back Ergonomic Chair In Black Colour]]>
    </line>
    <line>
      <![CDATA[Matrix Torin High Back Ergonomic Chair In Black Colourby Trevi Furniture]]>
    </line>
    <line>
      <![CDATA[Mono Mid Back Ergonomic Chair In Black Colour]]>
    </line>
    <line>
      <![CDATA[Mono Mid Back Ergonomic Chair In White & Grey Colour]]>
    </line>
    <line>
      <![CDATA[Norwica TV Unit In Acacia White Finish]]>
    </line>
    <line>
      <![CDATA[Norwica TV Unit In Walnut Colour]]>
    </line>
    <line>
      <![CDATA[Norwica TV Unit In Wenge Finish]]>
    </line>
    <line>
      <![CDATA[Opulence Wing Chair In Multi Colour]]>
    </line>
    <line>
      <![CDATA[Opulence Wing Chair In Multi Colour]]>
    </line>
    <line>
      <![CDATA[Opulence Wing Chair In Multi Colour]]>
    </line>
    <line>
      <![CDATA[Ozone 3 Door Wardrobe In Teak Finish]]>
    </line>
    <line>
      <![CDATA[Sapphire Console Table In Brown Colour]]>
    </line>
    <line>
      <![CDATA[Sigma Mid Back Ergonomic Chair In Black Colour]]>
    </line>
    <line>
      <![CDATA[SpaceX High Back Executive Chair In Brown Colour]]>
    </line>
    <line>
      <![CDATA[Spider High Back Ergonomic Chair In White Colour]]>
    </line>
    <line>
      <![CDATA[Storedge 4 Tier Collapsible Shoe Rack]]>
    </line>
    <line>
      <![CDATA[Sydney High Back Ergonomic Chair In Black Colour]]>
    </line>
    <line>
      <![CDATA[Sydney High Back Ergonomic Chair In Blue & Grey Colour]]>
    </line>
    <line>
      <![CDATA[Sydney High Back Ergonomic Chair In Grey Colour]]>
    </line>
    <line>
      <![CDATA[Terry Workstation In Rustic Oak Finish]]>
    </line>
    <line>
      <![CDATA[Thomas Wall Mounted Tv Unit In Wenge Finish]]>
    </line>
    <line>
      <![CDATA[Thomas Wall Mounted Tv Unit In White & Wenge Finish]]>
    </line>
    <line>
      <![CDATA[Tisha Open Book Shelf In White Colour]]>
    </line>
    <line>
      <![CDATA[Victoria TV Unit In Walnut Finish]]>
    </line>
    <line>
      <![CDATA[Wesley Study Table In Wenge Finish]]>
    </line>
    <line>
      <![CDATA[Wesley Writing Table In Walnut Finish]]>
    </line>
    <line>
      <![CDATA[---------------------Descending Order-----------]]>
    </line>
    <line>
      <![CDATA[Wesley Writing Table In Walnut Finish]]>
    </line>
    <line>
      <![CDATA[Wesley Study Table In Wenge Finish]]>
    </line>
    <line>
      <![CDATA[Victoria TV Unit In Walnut Finish]]>
    </line>
    <line>
      <![CDATA[Tisha Open Book Shelf In White Colour]]>
    </line>
    <line>
      <![CDATA[Thomas Wall Mounted Tv Unit In White & Wenge Finish]]>
    </line>
    <line>
      <![CDATA[Thomas Wall Mounted Tv Unit In Wenge Finish]]>
    </line>
    <line>
      <![CDATA[Terry Workstation In Rustic Oak Finish]]>
    </line>
    <line>
      <![CDATA[Sydney High Back Ergonomic Chair In Grey Colour]]>
    </line>
    <line>
      <![CDATA[Sydney High Back Ergonomic Chair In Blue & Grey Colour]]>
    </line>
    <line>
      <![CDATA[Sydney High Back Ergonomic Chair In Black Colour]]>
    </line>
    <line>
      <![CDATA[Storedge 4 Tier Collapsible Shoe Rack]]>
    </line>
    <line>
      <![CDATA[Spider High Back Ergonomic Chair In White Colour]]>
    </line>
    <line>
      <![CDATA[SpaceX High Back Executive Chair In Brown Colour]]>
    </line>
    <line>
      <![CDATA[Sigma Mid Back Ergonomic Chair In Black Colour]]>
    </line>
    <line>
      <![CDATA[Sapphire Console Table In Brown Colour]]>
    </line>
    <line>
      <![CDATA[Ozone 3 Door Wardrobe In Teak Finish]]>
    </line>
    <line>
      <![CDATA[Opulence Wing Chair In Multi Colour]]>
    </line>
    <line>
      <![CDATA[Opulence Wing Chair In Multi Colour]]>
    </line>
    <line>
      <![CDATA[Opulence Wing Chair In Multi Colour]]>
    </line>
    <line>
      <![CDATA[Norwica TV Unit In Wenge Finish]]>
    </line>
    <line>
      <![CDATA[Norwica TV Unit In Walnut Colour]]>
    </line>
    <line>
      <![CDATA[Norwica TV Unit In Acacia White Finish]]>
    </line>
    <line>
      <![CDATA[Mono Mid Back Ergonomic Chair In White & Grey Colour]]>
    </line>
    <line>
      <![CDATA[Mono Mid Back Ergonomic Chair In Black Colour]]>
    </line>
    <line>
      <![CDATA[Matrix Torin High Back Ergonomic Chair In Black Colourby Trevi Furniture]]>
    </line>
    <line>
      <![CDATA[Matrix High Back Ergonomic Chair In Black Colour]]>
    </line>
    <line>
      <![CDATA[Luke Single Door Wardrobe In Walnut Colour]]>
    </line>
    <line>
      <![CDATA[Ken Sofa Cum Bed In Pink Colour]]>
    </line>
    <line>
      <![CDATA[Ken Sofa Cum Bed In Grey Colour]]>
    </line>
    <line>
      <![CDATA[Ken Sofa Cum Bed In Brown Colour]]>
    </line>
    <line>
      <![CDATA[Ken Sofa Cum Bed In Blue Colour]]>
    </line>
    <line>
      <![CDATA[Fiji Outdoor Sofa Set In White Colour]]>
    </line>
    <line>
      <![CDATA[Edo Sofa Cum Bed In Grey Colour]]>
    </line>
    <line>
      <![CDATA[Edo Sofa Cum Bed In Dark Blue Colour]]>
    </line>
    <line>
      <![CDATA[Duke Dining Chair In Grey Colour]]>
    </line>
    <line>
      <![CDATA[Duke Dining Chair In Butterscotch Colour]]>
    </line>
    <line>
      <![CDATA[Dillon Height Adjustable Study Table In Brown Colour]]>
    </line>
    <line>
      <![CDATA[Comet Ergonomic Chair In Black & White Colour]]>
    </line>
    <line>
      <![CDATA[Carter Tv Entertainment Unit In White & Walnut Colour]]>
    </line>
    <line>
      <![CDATA[Bolt BedSide Table In Wenge Finish]]>
    </line>
    <line>
      <![CDATA[Bliss 6 Seater RHS Sectional Sofa In Black & Grey Colour]]>
    </line>
    <line>
      <![CDATA[Bliss 6 Seater LHS Sectional Sofa In Grey & Blue Colour]]>
    </line>
    <line>
      <![CDATA[Bliss 6 Seater LHS Sectional Sofa In Black & Grey Colour]]>
    </line>
    <line>
      <![CDATA[Bermuda Outdoor Sofa Set In Dark Brown Colour]]>
    </line>
    <line>
      <![CDATA[Bali 3 Seater Sofa In Velvet Blue Colour]]>
    </line>
    <line>
      <![CDATA[Bali 3 Seater Sofa In Grey Colour]]>
    </line>
    <line>
      <![CDATA[Bali 3 Seater Sofa In Blue Colour]]>
    </line>
    <line>
      <![CDATA[Bali 2 Seater Sofa In Velvet Blue Colour]]>
    </line>
  </reporter-output>
  <suite started-at="2022-04-27T01:19:07 CDT" name="Suite" finished-at="2022-04-27T01:19:23 CDT" duration-ms="15854">
    <groups>
    </groups>
    <test started-at="2022-04-27T01:19:07 CDT" name="Test" finished-at="2022-04-27T01:19:23 CDT" duration-ms="15854">
      <class name="PepperfryTests.HomePageTest">
        <test-method is-config="true" signature="initializedriver()[pri:0, instance:PepperfryTests.HomePageTest@231f98ef]" started-at="2022-04-27T01:19:05 CDT" name="initializedriver" finished-at="2022-04-27T01:19:07 CDT" duration-ms="2636" status="PASS">
          <reporter-output>
          </reporter-output>
        </test-method> <!-- initializedriver -->
        <test-method signature="test1()[pri:0, instance:PepperfryTests.HomePageTest@231f98ef]" started-at="2022-04-27T01:19:07 CDT" name="test1" finished-at="2022-04-27T01:19:10 CDT" duration-ms="3122" status="PASS">
          <reporter-output>
          </reporter-output>
        </test-method> <!-- test1 -->
        <test-method signature="test2()[pri:0, instance:PepperfryTests.HomePageTest@231f98ef]" started-at="2022-04-27T01:19:10 CDT" name="test2" finished-at="2022-04-27T01:19:19 CDT" duration-ms="8353" status="PASS">
          <reporter-output>
          </reporter-output>
        </test-method> <!-- test2 -->
        <test-method is-config="true" signature="clean()[pri:0, instance:PepperfryTests.HomePageTest@231f98ef]" started-at="2022-04-27T01:19:23 CDT" name="clean" finished-at="2022-04-27T01:19:23 CDT" duration-ms="186" status="PASS">
          <reporter-output>
          </reporter-output>
        </test-method> <!-- clean -->
      </class> <!-- PepperfryTests.HomePageTest -->
      <class name="PepperfryTests.ResultsPageTest">
        <test-method signature="test1()[pri:0, instance:PepperfryTests.ResultsPageTest@8462f31]" started-at="2022-04-27T01:19:19 CDT" name="test1" finished-at="2022-04-27T01:19:23 CDT" duration-ms="4339" status="PASS">
          <reporter-output>
            <line>
              <![CDATA[---------------------Ascending Order-----------]]>
            </line>
            <line>
              <![CDATA[Bali 2 Seater Sofa In Velvet Blue Colour]]>
            </line>
            <line>
              <![CDATA[Bali 3 Seater Sofa In Blue Colour]]>
            </line>
            <line>
              <![CDATA[Bali 3 Seater Sofa In Grey Colour]]>
            </line>
            <line>
              <![CDATA[Bali 3 Seater Sofa In Velvet Blue Colour]]>
            </line>
            <line>
              <![CDATA[Bermuda Outdoor Sofa Set In Dark Brown Colour]]>
            </line>
            <line>
              <![CDATA[Bliss 6 Seater LHS Sectional Sofa In Black & Grey Colour]]>
            </line>
            <line>
              <![CDATA[Bliss 6 Seater LHS Sectional Sofa In Grey & Blue Colour]]>
            </line>
            <line>
              <![CDATA[Bliss 6 Seater RHS Sectional Sofa In Black & Grey Colour]]>
            </line>
            <line>
              <![CDATA[Bolt BedSide Table In Wenge Finish]]>
            </line>
            <line>
              <![CDATA[Carter Tv Entertainment Unit In White & Walnut Colour]]>
            </line>
            <line>
              <![CDATA[Comet Ergonomic Chair In Black & White Colour]]>
            </line>
            <line>
              <![CDATA[Dillon Height Adjustable Study Table In Brown Colour]]>
            </line>
            <line>
              <![CDATA[Duke Dining Chair In Butterscotch Colour]]>
            </line>
            <line>
              <![CDATA[Duke Dining Chair In Grey Colour]]>
            </line>
            <line>
              <![CDATA[Edo Sofa Cum Bed In Dark Blue Colour]]>
            </line>
            <line>
              <![CDATA[Edo Sofa Cum Bed In Grey Colour]]>
            </line>
            <line>
              <![CDATA[Fiji Outdoor Sofa Set In White Colour]]>
            </line>
            <line>
              <![CDATA[Ken Sofa Cum Bed In Blue Colour]]>
            </line>
            <line>
              <![CDATA[Ken Sofa Cum Bed In Brown Colour]]>
            </line>
            <line>
              <![CDATA[Ken Sofa Cum Bed In Grey Colour]]>
            </line>
            <line>
              <![CDATA[Ken Sofa Cum Bed In Pink Colour]]>
            </line>
            <line>
              <![CDATA[Luke Single Door Wardrobe In Walnut Colour]]>
            </line>
            <line>
              <![CDATA[Matrix High Back Ergonomic Chair In Black Colour]]>
            </line>
            <line>
              <![CDATA[Matrix Torin High Back Ergonomic Chair In Black Colourby Trevi Furniture]]>
            </line>
            <line>
              <![CDATA[Mono Mid Back Ergonomic Chair In Black Colour]]>
            </line>
            <line>
              <![CDATA[Mono Mid Back Ergonomic Chair In White & Grey Colour]]>
            </line>
            <line>
              <![CDATA[Norwica TV Unit In Acacia White Finish]]>
            </line>
            <line>
              <![CDATA[Norwica TV Unit In Walnut Colour]]>
            </line>
            <line>
              <![CDATA[Norwica TV Unit In Wenge Finish]]>
            </line>
            <line>
              <![CDATA[Opulence Wing Chair In Multi Colour]]>
            </line>
            <line>
              <![CDATA[Opulence Wing Chair In Multi Colour]]>
            </line>
            <line>
              <![CDATA[Opulence Wing Chair In Multi Colour]]>
            </line>
            <line>
              <![CDATA[Ozone 3 Door Wardrobe In Teak Finish]]>
            </line>
            <line>
              <![CDATA[Sapphire Console Table In Brown Colour]]>
            </line>
            <line>
              <![CDATA[Sigma Mid Back Ergonomic Chair In Black Colour]]>
            </line>
            <line>
              <![CDATA[SpaceX High Back Executive Chair In Brown Colour]]>
            </line>
            <line>
              <![CDATA[Spider High Back Ergonomic Chair In White Colour]]>
            </line>
            <line>
              <![CDATA[Storedge 4 Tier Collapsible Shoe Rack]]>
            </line>
            <line>
              <![CDATA[Sydney High Back Ergonomic Chair In Black Colour]]>
            </line>
            <line>
              <![CDATA[Sydney High Back Ergonomic Chair In Blue & Grey Colour]]>
            </line>
            <line>
              <![CDATA[Sydney High Back Ergonomic Chair In Grey Colour]]>
            </line>
            <line>
              <![CDATA[Terry Workstation In Rustic Oak Finish]]>
            </line>
            <line>
              <![CDATA[Thomas Wall Mounted Tv Unit In Wenge Finish]]>
            </line>
            <line>
              <![CDATA[Thomas Wall Mounted Tv Unit In White & Wenge Finish]]>
            </line>
            <line>
              <![CDATA[Tisha Open Book Shelf In White Colour]]>
            </line>
            <line>
              <![CDATA[Victoria TV Unit In Walnut Finish]]>
            </line>
            <line>
              <![CDATA[Wesley Study Table In Wenge Finish]]>
            </line>
            <line>
              <![CDATA[Wesley Writing Table In Walnut Finish]]>
            </line>
            <line>
              <![CDATA[---------------------Descending Order-----------]]>
            </line>
            <line>
              <![CDATA[Wesley Writing Table In Walnut Finish]]>
            </line>
            <line>
              <![CDATA[Wesley Study Table In Wenge Finish]]>
            </line>
            <line>
              <![CDATA[Victoria TV Unit In Walnut Finish]]>
            </line>
            <line>
              <![CDATA[Tisha Open Book Shelf In White Colour]]>
            </line>
            <line>
              <![CDATA[Thomas Wall Mounted Tv Unit In White & Wenge Finish]]>
            </line>
            <line>
              <![CDATA[Thomas Wall Mounted Tv Unit In Wenge Finish]]>
            </line>
            <line>
              <![CDATA[Terry Workstation In Rustic Oak Finish]]>
            </line>
            <line>
              <![CDATA[Sydney High Back Ergonomic Chair In Grey Colour]]>
            </line>
            <line>
              <![CDATA[Sydney High Back Ergonomic Chair In Blue & Grey Colour]]>
            </line>
            <line>
              <![CDATA[Sydney High Back Ergonomic Chair In Black Colour]]>
            </line>
            <line>
              <![CDATA[Storedge 4 Tier Collapsible Shoe Rack]]>
            </line>
            <line>
              <![CDATA[Spider High Back Ergonomic Chair In White Colour]]>
            </line>
            <line>
              <![CDATA[SpaceX High Back Executive Chair In Brown Colour]]>
            </line>
            <line>
              <![CDATA[Sigma Mid Back Ergonomic Chair In Black Colour]]>
            </line>
            <line>
              <![CDATA[Sapphire Console Table In Brown Colour]]>
            </line>
            <line>
              <![CDATA[Ozone 3 Door Wardrobe In Teak Finish]]>
            </line>
            <line>
              <![CDATA[Opulence Wing Chair In Multi Colour]]>
            </line>
            <line>
              <![CDATA[Opulence Wing Chair In Multi Colour]]>
            </line>
            <line>
              <![CDATA[Opulence Wing Chair In Multi Colour]]>
            </line>
            <line>
              <![CDATA[Norwica TV Unit In Wenge Finish]]>
            </line>
            <line>
              <![CDATA[Norwica TV Unit In Walnut Colour]]>
            </line>
            <line>
              <![CDATA[Norwica TV Unit In Acacia White Finish]]>
            </line>
            <line>
              <![CDATA[Mono Mid Back Ergonomic Chair In White & Grey Colour]]>
            </line>
            <line>
              <![CDATA[Mono Mid Back Ergonomic Chair In Black Colour]]>
            </line>
            <line>
              <![CDATA[Matrix Torin High Back Ergonomic Chair In Black Colourby Trevi Furniture]]>
            </line>
            <line>
              <![CDATA[Matrix High Back Ergonomic Chair In Black Colour]]>
            </line>
            <line>
              <![CDATA[Luke Single Door Wardrobe In Walnut Colour]]>
            </line>
            <line>
              <![CDATA[Ken Sofa Cum Bed In Pink Colour]]>
            </line>
            <line>
              <![CDATA[Ken Sofa Cum Bed In Grey Colour]]>
            </line>
            <line>
              <![CDATA[Ken Sofa Cum Bed In Brown Colour]]>
            </line>
            <line>
              <![CDATA[Ken Sofa Cum Bed In Blue Colour]]>
            </line>
            <line>
              <![CDATA[Fiji Outdoor Sofa Set In White Colour]]>
            </line>
            <line>
              <![CDATA[Edo Sofa Cum Bed In Grey Colour]]>
            </line>
            <line>
              <![CDATA[Edo Sofa Cum Bed In Dark Blue Colour]]>
            </line>
            <line>
              <![CDATA[Duke Dining Chair In Grey Colour]]>
            </line>
            <line>
              <![CDATA[Duke Dining Chair In Butterscotch Colour]]>
            </line>
            <line>
              <![CDATA[Dillon Height Adjustable Study Table In Brown Colour]]>
            </line>
            <line>
              <![CDATA[Comet Ergonomic Chair In Black & White Colour]]>
            </line>
            <line>
              <![CDATA[Carter Tv Entertainment Unit In White & Walnut Colour]]>
            </line>
            <line>
              <![CDATA[Bolt BedSide Table In Wenge Finish]]>
            </line>
            <line>
              <![CDATA[Bliss 6 Seater RHS Sectional Sofa In Black & Grey Colour]]>
            </line>
            <line>
              <![CDATA[Bliss 6 Seater LHS Sectional Sofa In Grey & Blue Colour]]>
            </line>
            <line>
              <![CDATA[Bliss 6 Seater LHS Sectional Sofa In Black & Grey Colour]]>
            </line>
            <line>
              <![CDATA[Bermuda Outdoor Sofa Set In Dark Brown Colour]]>
            </line>
            <line>
              <![CDATA[Bali 3 Seater Sofa In Velvet Blue Colour]]>
            </line>
            <line>
              <![CDATA[Bali 3 Seater Sofa In Grey Colour]]>
            </line>
            <line>
              <![CDATA[Bali 3 Seater Sofa In Blue Colour]]>
            </line>
            <line>
              <![CDATA[Bali 2 Seater Sofa In Velvet Blue Colour]]>
            </line>
          </reporter-output>
        </test-method> <!-- test1 -->
      </class> <!-- PepperfryTests.ResultsPageTest -->
    </test> <!-- Test -->
  </suite> <!-- Suite -->
</testng-results>
